{"/Users/Josiah/Documents/GitHub/prevail-rules/src/functions/createEmptyBoard.ts": {"path":"/Users/Josiah/Documents/GitHub/prevail-rules/src/functions/createEmptyBoard.ts","all":false,"statementMap":{"5":{"start":{"line":6,"column":0},"end":{"line":6,"column":8}},"15":{"start":{"line":16,"column":0},"end":{"line":16,"column":46}},"16":{"start":{"line":17,"column":0},"end":{"line":17,"column":10}},"17":{"start":{"line":18,"column":0},"end":{"line":18,"column":25}},"18":{"start":{"line":19,"column":0},"end":{"line":19,"column":16}},"19":{"start":{"line":20,"column":0},"end":{"line":20,"column":19}},"20":{"start":{"line":21,"column":0},"end":{"line":21,"column":19}},"21":{"start":{"line":22,"column":0},"end":{"line":22,"column":19}},"22":{"start":{"line":23,"column":0},"end":{"line":23,"column":19}},"23":{"start":{"line":24,"column":0},"end":{"line":24,"column":6}},"24":{"start":{"line":25,"column":0},"end":{"line":25,"column":17}},"25":{"start":{"line":26,"column":0},"end":{"line":26,"column":19}},"26":{"start":{"line":27,"column":0},"end":{"line":27,"column":23}},"27":{"start":{"line":28,"column":0},"end":{"line":28,"column":18}},"28":{"start":{"line":29,"column":0},"end":{"line":29,"column":23}},"29":{"start":{"line":30,"column":0},"end":{"line":30,"column":19}},"30":{"start":{"line":31,"column":0},"end":{"line":31,"column":23}},"31":{"start":{"line":32,"column":0},"end":{"line":32,"column":18}},"32":{"start":{"line":33,"column":0},"end":{"line":33,"column":23}},"33":{"start":{"line":34,"column":0},"end":{"line":34,"column":6}},"34":{"start":{"line":35,"column":0},"end":{"line":35,"column":19}},"35":{"start":{"line":36,"column":0},"end":{"line":36,"column":27}},"36":{"start":{"line":37,"column":0},"end":{"line":37,"column":6}},"37":{"start":{"line":38,"column":0},"end":{"line":38,"column":4}},"38":{"start":{"line":39,"column":0},"end":{"line":39,"column":1}},"44":{"start":{"line":45,"column":0},"end":{"line":45,"column":64}},"45":{"start":{"line":46,"column":0},"end":{"line":46,"column":44}},"46":{"start":{"line":47,"column":0},"end":{"line":47,"column":35}},"47":{"start":{"line":48,"column":0},"end":{"line":48,"column":44}},"48":{"start":{"line":49,"column":0},"end":{"line":49,"column":47}},"51":{"start":{"line":52,"column":0},"end":{"line":52,"column":40}},"52":{"start":{"line":53,"column":0},"end":{"line":53,"column":48}},"53":{"start":{"line":54,"column":0},"end":{"line":54,"column":62}},"54":{"start":{"line":55,"column":0},"end":{"line":55,"column":50}},"55":{"start":{"line":56,"column":0},"end":{"line":56,"column":5}},"56":{"start":{"line":57,"column":0},"end":{"line":57,"column":3}},"58":{"start":{"line":59,"column":0},"end":{"line":59,"column":10}},"59":{"start":{"line":60,"column":0},"end":{"line":60,"column":14}},"60":{"start":{"line":61,"column":0},"end":{"line":61,"column":52}},"61":{"start":{"line":62,"column":0},"end":{"line":62,"column":47}},"62":{"start":{"line":63,"column":0},"end":{"line":63,"column":1}},"67":{"start":{"line":68,"column":0},"end":{"line":68,"column":59}},"68":{"start":{"line":69,"column":0},"end":{"line":69,"column":36}},"69":{"start":{"line":70,"column":0},"end":{"line":70,"column":15}},"70":{"start":{"line":71,"column":0},"end":{"line":71,"column":24}},"71":{"start":{"line":72,"column":0},"end":{"line":72,"column":21}},"72":{"start":{"line":73,"column":0},"end":{"line":73,"column":1}},"77":{"start":{"line":78,"column":0},"end":{"line":78,"column":53}},"78":{"start":{"line":79,"column":0},"end":{"line":79,"column":77}},"79":{"start":{"line":80,"column":0},"end":{"line":80,"column":1}},"84":{"start":{"line":85,"column":0},"end":{"line":85,"column":53}},"85":{"start":{"line":86,"column":0},"end":{"line":86,"column":77}},"86":{"start":{"line":87,"column":0},"end":{"line":87,"column":1}}},"s":{"5":1,"15":15816,"16":15816,"17":15816,"18":15816,"19":15816,"20":15816,"21":15816,"22":15816,"23":15816,"24":15816,"25":15816,"26":15816,"27":15816,"28":15816,"29":15816,"30":15816,"31":15816,"32":15816,"33":15816,"34":15816,"35":15816,"36":15816,"37":15816,"38":15816,"44":73,"45":73,"46":73,"47":73,"48":73,"51":73,"52":868,"53":15816,"54":15816,"55":15816,"56":868,"58":73,"59":73,"60":73,"61":73,"62":73,"67":1,"68":67,"69":67,"70":67,"71":67,"72":67,"77":1,"78":5,"79":5,"84":1,"85":1,"86":1},"branchMap":{"0":{"type":"branch","line":16,"loc":{"start":{"line":16,"column":0},"end":{"line":39,"column":1}},"locations":[{"start":{"line":16,"column":0},"end":{"line":39,"column":1}}]},"1":{"type":"branch","line":45,"loc":{"start":{"line":45,"column":0},"end":{"line":63,"column":1}},"locations":[{"start":{"line":45,"column":0},"end":{"line":63,"column":1}}]},"2":{"type":"branch","line":52,"loc":{"start":{"line":52,"column":39},"end":{"line":57,"column":3}},"locations":[{"start":{"line":52,"column":39},"end":{"line":57,"column":3}}]},"3":{"type":"branch","line":53,"loc":{"start":{"line":53,"column":47},"end":{"line":56,"column":5}},"locations":[{"start":{"line":53,"column":47},"end":{"line":56,"column":5}}]},"4":{"type":"branch","line":68,"loc":{"start":{"line":68,"column":7},"end":{"line":73,"column":1}},"locations":[{"start":{"line":68,"column":7},"end":{"line":73,"column":1}}]},"5":{"type":"branch","line":78,"loc":{"start":{"line":78,"column":7},"end":{"line":80,"column":1}},"locations":[{"start":{"line":78,"column":7},"end":{"line":80,"column":1}}]},"6":{"type":"branch","line":85,"loc":{"start":{"line":85,"column":7},"end":{"line":87,"column":1}},"locations":[{"start":{"line":85,"column":7},"end":{"line":87,"column":1}}]}},"b":{"0":[15816],"1":[73],"2":[868],"3":[15816],"4":[67],"5":[5],"6":[1]},"fnMap":{"0":{"name":"createEmptyBoardSpace","decl":{"start":{"line":16,"column":0},"end":{"line":39,"column":1}},"loc":{"start":{"line":16,"column":0},"end":{"line":39,"column":1}},"line":16},"1":{"name":"createEmptyBoardWithConfig","decl":{"start":{"line":45,"column":0},"end":{"line":63,"column":1}},"loc":{"start":{"line":45,"column":0},"end":{"line":63,"column":1}},"line":45},"2":{"name":"createEmptyStandardBoard","decl":{"start":{"line":68,"column":7},"end":{"line":73,"column":1}},"loc":{"start":{"line":68,"column":7},"end":{"line":73,"column":1}},"line":68},"3":{"name":"createEmptySmallBoard","decl":{"start":{"line":78,"column":7},"end":{"line":80,"column":1}},"loc":{"start":{"line":78,"column":7},"end":{"line":80,"column":1}},"line":78},"4":{"name":"createEmptyLargeBoard","decl":{"start":{"line":85,"column":7},"end":{"line":87,"column":1}},"loc":{"start":{"line":85,"column":7},"end":{"line":87,"column":1}},"line":85}},"f":{"0":15816,"1":73,"2":67,"3":5,"4":1}}
,"/Users/Josiah/Documents/GitHub/prevail-rules/src/functions/getLegalMoves.ts": {"path":"/Users/Josiah/Documents/GitHub/prevail-rules/src/functions/getLegalMoves.ts","all":false,"statementMap":{"0":{"start":{"line":7,"column":0},"end":{"line":7,"column":62}},"1":{"start":{"line":8,"column":0},"end":{"line":8,"column":66}},"2":{"start":{"line":9,"column":0},"end":{"line":9,"column":60}},"3":{"start":{"line":10,"column":0},"end":{"line":10,"column":66}},"4":{"start":{"line":11,"column":0},"end":{"line":11,"column":62}},"5":{"start":{"line":13,"column":0},"end":{"line":13,"column":66}},"6":{"start":{"line":15,"column":0},"end":{"line":15,"column":52}},"7":{"start":{"line":16,"column":0},"end":{"line":16,"column":21}},"8":{"start":{"line":17,"column":0},"end":{"line":17,"column":16}},"9":{"start":{"line":18,"column":0},"end":{"line":18,"column":41}},"10":{"start":{"line":19,"column":0},"end":{"line":19,"column":31}},"11":{"start":{"line":21,"column":0},"end":{"line":21,"column":47}},"12":{"start":{"line":22,"column":0},"end":{"line":22,"column":10}},"13":{"start":{"line":23,"column":0},"end":{"line":23,"column":31}},"14":{"start":{"line":24,"column":0},"end":{"line":24,"column":4}},"15":{"start":{"line":26,"column":0},"end":{"line":26,"column":58}},"16":{"start":{"line":27,"column":0},"end":{"line":27,"column":69}},"17":{"start":{"line":28,"column":0},"end":{"line":28,"column":3}},"18":{"start":{"line":30,"column":0},"end":{"line":30,"column":46}},"19":{"start":{"line":31,"column":0},"end":{"line":31,"column":68}},"20":{"start":{"line":32,"column":0},"end":{"line":32,"column":3}},"21":{"start":{"line":34,"column":0},"end":{"line":34,"column":67}},"22":{"start":{"line":35,"column":0},"end":{"line":35,"column":53}},"23":{"start":{"line":36,"column":0},"end":{"line":36,"column":3}},"24":{"start":{"line":38,"column":0},"end":{"line":38,"column":54}},"25":{"start":{"line":39,"column":0},"end":{"line":39,"column":42}},"26":{"start":{"line":45,"column":0},"end":{"line":45,"column":23}},"27":{"start":{"line":46,"column":0},"end":{"line":46,"column":43}},"28":{"start":{"line":47,"column":0},"end":{"line":47,"column":23}},"29":{"start":{"line":48,"column":0},"end":{"line":48,"column":27}},"30":{"start":{"line":49,"column":0},"end":{"line":49,"column":32}},"31":{"start":{"line":50,"column":0},"end":{"line":50,"column":16}},"32":{"start":{"line":51,"column":0},"end":{"line":51,"column":79}},"33":{"start":{"line":52,"column":0},"end":{"line":52,"column":4}},"34":{"start":{"line":55,"column":0},"end":{"line":55,"column":24}},"35":{"start":{"line":56,"column":0},"end":{"line":56,"column":50}},"36":{"start":{"line":57,"column":0},"end":{"line":57,"column":30}},"37":{"start":{"line":58,"column":0},"end":{"line":58,"column":27}},"38":{"start":{"line":59,"column":0},"end":{"line":59,"column":33}},"39":{"start":{"line":60,"column":0},"end":{"line":60,"column":74}},"40":{"start":{"line":61,"column":0},"end":{"line":61,"column":14}},"41":{"start":{"line":63,"column":0},"end":{"line":63,"column":33}},"42":{"start":{"line":64,"column":0},"end":{"line":64,"column":24}},"43":{"start":{"line":65,"column":0},"end":{"line":65,"column":20}},"44":{"start":{"line":66,"column":0},"end":{"line":66,"column":21}},"45":{"start":{"line":67,"column":0},"end":{"line":67,"column":26}},"46":{"start":{"line":68,"column":0},"end":{"line":68,"column":6}},"47":{"start":{"line":71,"column":0},"end":{"line":71,"column":38}},"48":{"start":{"line":72,"column":0},"end":{"line":72,"column":13}},"49":{"start":{"line":73,"column":0},"end":{"line":73,"column":5}},"50":{"start":{"line":74,"column":0},"end":{"line":74,"column":32}},"51":{"start":{"line":79,"column":0},"end":{"line":79,"column":64}},"52":{"start":{"line":80,"column":0},"end":{"line":80,"column":22}},"53":{"start":{"line":81,"column":0},"end":{"line":81,"column":72}},"54":{"start":{"line":83,"column":0},"end":{"line":83,"column":21}},"55":{"start":{"line":85,"column":0},"end":{"line":85,"column":67}},"56":{"start":{"line":86,"column":0},"end":{"line":86,"column":26}},"57":{"start":{"line":87,"column":0},"end":{"line":87,"column":62}},"58":{"start":{"line":88,"column":0},"end":{"line":88,"column":70}},"59":{"start":{"line":90,"column":0},"end":{"line":90,"column":61}},"60":{"start":{"line":92,"column":0},"end":{"line":92,"column":12}},"61":{"start":{"line":93,"column":0},"end":{"line":93,"column":25}},"62":{"start":{"line":94,"column":0},"end":{"line":94,"column":17}},"63":{"start":{"line":95,"column":0},"end":{"line":95,"column":18}},"64":{"start":{"line":96,"column":0},"end":{"line":96,"column":30}},"65":{"start":{"line":97,"column":0},"end":{"line":97,"column":26}},"66":{"start":{"line":98,"column":0},"end":{"line":98,"column":31}},"67":{"start":{"line":99,"column":0},"end":{"line":99,"column":33}},"68":{"start":{"line":100,"column":0},"end":{"line":100,"column":39}},"69":{"start":{"line":101,"column":0},"end":{"line":101,"column":11}},"70":{"start":{"line":102,"column":0},"end":{"line":102,"column":11}},"71":{"start":{"line":103,"column":0},"end":{"line":103,"column":26}},"72":{"start":{"line":104,"column":0},"end":{"line":104,"column":42}},"73":{"start":{"line":105,"column":0},"end":{"line":105,"column":34}},"74":{"start":{"line":106,"column":0},"end":{"line":106,"column":13}},"75":{"start":{"line":107,"column":0},"end":{"line":107,"column":9}},"76":{"start":{"line":108,"column":0},"end":{"line":108,"column":14}},"77":{"start":{"line":110,"column":0},"end":{"line":110,"column":24}},"78":{"start":{"line":111,"column":0},"end":{"line":111,"column":40}},"79":{"start":{"line":112,"column":0},"end":{"line":112,"column":32}},"80":{"start":{"line":113,"column":0},"end":{"line":113,"column":11}},"81":{"start":{"line":114,"column":0},"end":{"line":114,"column":7}},"82":{"start":{"line":115,"column":0},"end":{"line":115,"column":5}},"83":{"start":{"line":118,"column":0},"end":{"line":118,"column":29}},"84":{"start":{"line":119,"column":0},"end":{"line":119,"column":48}},"85":{"start":{"line":120,"column":0},"end":{"line":120,"column":14}},"86":{"start":{"line":121,"column":0},"end":{"line":121,"column":26}},"87":{"start":{"line":122,"column":0},"end":{"line":122,"column":21}},"88":{"start":{"line":123,"column":0},"end":{"line":123,"column":50}},"89":{"start":{"line":124,"column":0},"end":{"line":124,"column":44}},"90":{"start":{"line":128,"column":0},"end":{"line":128,"column":75}},"91":{"start":{"line":129,"column":0},"end":{"line":129,"column":67}},"92":{"start":{"line":131,"column":0},"end":{"line":131,"column":26}},"93":{"start":{"line":133,"column":0},"end":{"line":133,"column":23}},"94":{"start":{"line":134,"column":0},"end":{"line":134,"column":30}},"95":{"start":{"line":135,"column":0},"end":{"line":135,"column":26}},"96":{"start":{"line":136,"column":0},"end":{"line":136,"column":31}},"97":{"start":{"line":137,"column":0},"end":{"line":137,"column":33}},"98":{"start":{"line":138,"column":0},"end":{"line":138,"column":29}},"99":{"start":{"line":139,"column":0},"end":{"line":139,"column":12}},"100":{"start":{"line":140,"column":0},"end":{"line":140,"column":28}},"101":{"start":{"line":143,"column":0},"end":{"line":143,"column":23}},"102":{"start":{"line":144,"column":0},"end":{"line":144,"column":30}},"103":{"start":{"line":145,"column":0},"end":{"line":145,"column":26}},"104":{"start":{"line":146,"column":0},"end":{"line":146,"column":14}},"105":{"start":{"line":147,"column":0},"end":{"line":147,"column":33}},"106":{"start":{"line":148,"column":0},"end":{"line":148,"column":29}},"107":{"start":{"line":149,"column":0},"end":{"line":149,"column":12}},"108":{"start":{"line":150,"column":0},"end":{"line":150,"column":9}},"109":{"start":{"line":151,"column":0},"end":{"line":151,"column":7}},"110":{"start":{"line":152,"column":0},"end":{"line":152,"column":5}},"111":{"start":{"line":155,"column":0},"end":{"line":155,"column":35}},"112":{"start":{"line":156,"column":0},"end":{"line":156,"column":44}},"113":{"start":{"line":158,"column":0},"end":{"line":158,"column":42}},"114":{"start":{"line":159,"column":0},"end":{"line":159,"column":23}},"115":{"start":{"line":160,"column":0},"end":{"line":160,"column":30}},"116":{"start":{"line":161,"column":0},"end":{"line":161,"column":22}},"117":{"start":{"line":162,"column":0},"end":{"line":162,"column":27}},"118":{"start":{"line":163,"column":0},"end":{"line":163,"column":37}},"119":{"start":{"line":164,"column":0},"end":{"line":164,"column":30}},"120":{"start":{"line":165,"column":0},"end":{"line":165,"column":12}},"121":{"start":{"line":166,"column":0},"end":{"line":166,"column":9}},"122":{"start":{"line":167,"column":0},"end":{"line":167,"column":7}},"123":{"start":{"line":168,"column":0},"end":{"line":168,"column":5}},"124":{"start":{"line":169,"column":0},"end":{"line":169,"column":4}},"125":{"start":{"line":172,"column":0},"end":{"line":172,"column":15}},"126":{"start":{"line":173,"column":0},"end":{"line":173,"column":32}},"127":{"start":{"line":174,"column":0},"end":{"line":174,"column":28}},"128":{"start":{"line":175,"column":0},"end":{"line":175,"column":24}},"129":{"start":{"line":176,"column":0},"end":{"line":176,"column":29}},"130":{"start":{"line":177,"column":0},"end":{"line":177,"column":4}},"131":{"start":{"line":179,"column":0},"end":{"line":179,"column":20}},"132":{"start":{"line":180,"column":0},"end":{"line":180,"column":1}}},"s":{"0":2,"1":2,"2":2,"3":2,"4":2,"5":2,"6":2,"7":18,"8":18,"9":18,"10":18,"11":18,"12":18,"13":18,"14":18,"15":18,"16":0,"17":0,"18":18,"19":0,"20":0,"21":18,"22":0,"23":0,"24":18,"25":18,"26":18,"27":1378,"28":1378,"29":1378,"30":1378,"31":1378,"32":1378,"33":1378,"34":18,"35":1378,"36":1378,"37":1378,"38":1378,"39":1378,"40":1378,"41":1378,"42":1378,"43":1378,"44":1378,"45":1378,"46":1378,"47":1378,"48":304,"49":304,"50":1074,"51":1074,"52":1074,"53":1378,"54":1378,"55":1036,"56":1036,"57":1036,"58":223,"59":1036,"60":63,"61":63,"62":63,"63":63,"64":63,"65":63,"66":63,"67":63,"68":63,"69":63,"70":63,"71":25,"72":25,"73":25,"74":25,"75":25,"76":1036,"77":973,"78":973,"79":973,"80":973,"81":973,"82":1036,"83":1378,"84":481,"85":481,"86":481,"87":481,"88":481,"89":481,"90":481,"91":481,"92":481,"93":453,"94":453,"95":453,"96":453,"97":453,"98":453,"99":453,"100":481,"101":18,"102":18,"103":18,"104":18,"105":18,"106":18,"107":18,"108":18,"109":481,"110":481,"111":1378,"112":127,"113":1016,"114":889,"115":889,"116":889,"117":889,"118":889,"119":889,"120":889,"121":889,"122":1016,"123":127,"124":1378,"125":18,"126":18,"127":18,"128":18,"129":18,"130":18,"131":18,"132":18},"branchMap":{"0":{"type":"branch","line":15,"loc":{"start":{"line":15,"column":7},"end":{"line":180,"column":1}},"locations":[{"start":{"line":15,"column":7},"end":{"line":180,"column":1}}]},"1":{"type":"branch","line":26,"loc":{"start":{"line":26,"column":57},"end":{"line":28,"column":3}},"locations":[{"start":{"line":26,"column":57},"end":{"line":28,"column":3}}]},"2":{"type":"branch","line":30,"loc":{"start":{"line":30,"column":45},"end":{"line":32,"column":3}},"locations":[{"start":{"line":30,"column":45},"end":{"line":32,"column":3}}]},"3":{"type":"branch","line":34,"loc":{"start":{"line":34,"column":66},"end":{"line":36,"column":3}},"locations":[{"start":{"line":34,"column":66},"end":{"line":36,"column":3}}]},"4":{"type":"branch","line":45,"loc":{"start":{"line":45,"column":22},"end":{"line":52,"column":4}},"locations":[{"start":{"line":45,"column":22},"end":{"line":52,"column":4}}]},"5":{"type":"branch","line":55,"loc":{"start":{"line":55,"column":23},"end":{"line":169,"column":4}},"locations":[{"start":{"line":55,"column":23},"end":{"line":169,"column":4}}]},"6":{"type":"branch","line":71,"loc":{"start":{"line":71,"column":37},"end":{"line":73,"column":5}},"locations":[{"start":{"line":71,"column":37},"end":{"line":73,"column":5}}]},"7":{"type":"branch","line":73,"loc":{"start":{"line":73,"column":4},"end":{"line":81,"column":28}},"locations":[{"start":{"line":73,"column":4},"end":{"line":81,"column":28}}]},"8":{"type":"branch","line":81,"loc":{"start":{"line":81,"column":6},"end":{"line":81,"column":72}},"locations":[{"start":{"line":81,"column":6},"end":{"line":81,"column":72}}]},"9":{"type":"branch","line":83,"loc":{"start":{"line":83,"column":20},"end":{"line":115,"column":5}},"locations":[{"start":{"line":83,"column":20},"end":{"line":115,"column":5}}]},"10":{"type":"branch","line":87,"loc":{"start":{"line":87,"column":51},"end":{"line":88,"column":70}},"locations":[{"start":{"line":87,"column":51},"end":{"line":88,"column":70}}]},"11":{"type":"branch","line":90,"loc":{"start":{"line":90,"column":10},"end":{"line":90,"column":60}},"locations":[{"start":{"line":90,"column":10},"end":{"line":90,"column":60}}]},"12":{"type":"branch","line":90,"loc":{"start":{"line":90,"column":60},"end":{"line":108,"column":13}},"locations":[{"start":{"line":90,"column":60},"end":{"line":108,"column":13}}]},"13":{"type":"branch","line":102,"loc":{"start":{"line":102,"column":10},"end":{"line":107,"column":9}},"locations":[{"start":{"line":102,"column":10},"end":{"line":107,"column":9}}]},"14":{"type":"branch","line":108,"loc":{"start":{"line":108,"column":6},"end":{"line":114,"column":7}},"locations":[{"start":{"line":108,"column":6},"end":{"line":114,"column":7}}]},"15":{"type":"branch","line":115,"loc":{"start":{"line":115,"column":4},"end":{"line":118,"column":28}},"locations":[{"start":{"line":115,"column":4},"end":{"line":118,"column":28}}]},"16":{"type":"branch","line":118,"loc":{"start":{"line":118,"column":28},"end":{"line":152,"column":5}},"locations":[{"start":{"line":118,"column":28},"end":{"line":152,"column":5}}]},"17":{"type":"branch","line":131,"loc":{"start":{"line":131,"column":25},"end":{"line":140,"column":19}},"locations":[{"start":{"line":131,"column":25},"end":{"line":140,"column":19}}]},"18":{"type":"branch","line":140,"loc":{"start":{"line":140,"column":8},"end":{"line":150,"column":9}},"locations":[{"start":{"line":140,"column":8},"end":{"line":150,"column":9}}]},"19":{"type":"branch","line":140,"loc":{"start":{"line":140,"column":27},"end":{"line":150,"column":9}},"locations":[{"start":{"line":140,"column":27},"end":{"line":150,"column":9}}]},"20":{"type":"branch","line":152,"loc":{"start":{"line":152,"column":4},"end":{"line":155,"column":34}},"locations":[{"start":{"line":152,"column":4},"end":{"line":155,"column":34}}]},"21":{"type":"branch","line":155,"loc":{"start":{"line":155,"column":34},"end":{"line":168,"column":5}},"locations":[{"start":{"line":155,"column":34},"end":{"line":168,"column":5}}]},"22":{"type":"branch","line":156,"loc":{"start":{"line":156,"column":43},"end":{"line":167,"column":7}},"locations":[{"start":{"line":156,"column":43},"end":{"line":167,"column":7}}]},"23":{"type":"branch","line":158,"loc":{"start":{"line":158,"column":41},"end":{"line":166,"column":9}},"locations":[{"start":{"line":158,"column":41},"end":{"line":166,"column":9}}]}},"b":{"0":[18],"1":[0],"2":[0],"3":[0],"4":[1378],"5":[1378],"6":[304],"7":[1074],"8":[914],"9":[1036],"10":[223],"11":[63],"12":[63],"13":[25],"14":[973],"15":[1074],"16":[481],"17":[453],"18":[28],"19":[18],"20":[1074],"21":[127],"22":[1016],"23":[889]},"fnMap":{"0":{"name":"getLegalMoves","decl":{"start":{"line":15,"column":7},"end":{"line":180,"column":1}},"loc":{"start":{"line":15,"column":7},"end":{"line":180,"column":1}},"line":15},"1":{"name":"getStateKey","decl":{"start":{"line":45,"column":22},"end":{"line":52,"column":4}},"loc":{"start":{"line":45,"column":22},"end":{"line":52,"column":4}},"line":45},"2":{"name":"exploreMoves","decl":{"start":{"line":55,"column":23},"end":{"line":169,"column":4}},"loc":{"start":{"line":55,"column":23},"end":{"line":169,"column":4}},"line":55}},"f":{"0":18,"1":1378,"2":1378}}
,"/Users/Josiah/Documents/GitHub/prevail-rules/src/functions/boardSpace/deltas.ts": {"path":"/Users/Josiah/Documents/GitHub/prevail-rules/src/functions/boardSpace/deltas.ts","all":false,"statementMap":{"14":{"start":{"line":15,"column":0},"end":{"line":15,"column":60}},"15":{"start":{"line":16,"column":0},"end":{"line":16,"column":19}},"16":{"start":{"line":17,"column":0},"end":{"line":17,"column":21}},"17":{"start":{"line":18,"column":0},"end":{"line":18,"column":16}},"18":{"start":{"line":19,"column":0},"end":{"line":19,"column":17}},"19":{"start":{"line":20,"column":0},"end":{"line":20,"column":16}},"20":{"start":{"line":21,"column":0},"end":{"line":21,"column":21}},"21":{"start":{"line":22,"column":0},"end":{"line":22,"column":16}},"22":{"start":{"line":23,"column":0},"end":{"line":23,"column":21}},"23":{"start":{"line":24,"column":0},"end":{"line":24,"column":15}},"24":{"start":{"line":25,"column":0},"end":{"line":25,"column":17}},"25":{"start":{"line":26,"column":0},"end":{"line":26,"column":15}},"26":{"start":{"line":27,"column":0},"end":{"line":27,"column":21}},"27":{"start":{"line":28,"column":0},"end":{"line":28,"column":15}},"28":{"start":{"line":29,"column":0},"end":{"line":29,"column":12}},"29":{"start":{"line":30,"column":0},"end":{"line":30,"column":15}},"30":{"start":{"line":31,"column":0},"end":{"line":31,"column":3}},"31":{"start":{"line":32,"column":0},"end":{"line":32,"column":2}},"45":{"start":{"line":46,"column":0},"end":{"line":46,"column":63}},"46":{"start":{"line":47,"column":0},"end":{"line":47,"column":19}},"47":{"start":{"line":48,"column":0},"end":{"line":48,"column":21}},"48":{"start":{"line":49,"column":0},"end":{"line":49,"column":15}},"49":{"start":{"line":50,"column":0},"end":{"line":50,"column":16}},"50":{"start":{"line":51,"column":0},"end":{"line":51,"column":15}},"51":{"start":{"line":52,"column":0},"end":{"line":52,"column":21}},"52":{"start":{"line":53,"column":0},"end":{"line":53,"column":15}},"53":{"start":{"line":54,"column":0},"end":{"line":54,"column":21}},"54":{"start":{"line":55,"column":0},"end":{"line":55,"column":16}},"55":{"start":{"line":56,"column":0},"end":{"line":56,"column":16}},"56":{"start":{"line":57,"column":0},"end":{"line":57,"column":16}},"57":{"start":{"line":58,"column":0},"end":{"line":58,"column":21}},"58":{"start":{"line":59,"column":0},"end":{"line":59,"column":16}},"59":{"start":{"line":60,"column":0},"end":{"line":60,"column":12}},"60":{"start":{"line":61,"column":0},"end":{"line":61,"column":15}},"61":{"start":{"line":62,"column":0},"end":{"line":62,"column":3}},"62":{"start":{"line":63,"column":0},"end":{"line":63,"column":2}}},"s":{"14":1,"15":5857,"16":5857,"17":224,"18":5857,"19":513,"20":5857,"21":268,"22":5857,"23":295,"24":5857,"25":2030,"26":5857,"27":337,"28":5857,"29":2190,"30":5857,"31":5857,"45":1,"46":5857,"47":5857,"48":268,"49":5857,"50":1141,"51":5857,"52":337,"53":5857,"54":224,"55":5857,"56":1049,"57":5857,"58":295,"59":5857,"60":2543,"61":5857,"62":5857},"branchMap":{"0":{"type":"branch","line":15,"loc":{"start":{"line":15,"column":27},"end":{"line":32,"column":2}},"locations":[{"start":{"line":15,"column":27},"end":{"line":32,"column":2}}]},"1":{"type":"branch","line":17,"loc":{"start":{"line":17,"column":4},"end":{"line":18,"column":16}},"locations":[{"start":{"line":17,"column":4},"end":{"line":18,"column":16}}]},"2":{"type":"branch","line":19,"loc":{"start":{"line":19,"column":4},"end":{"line":20,"column":16}},"locations":[{"start":{"line":19,"column":4},"end":{"line":20,"column":16}}]},"3":{"type":"branch","line":21,"loc":{"start":{"line":21,"column":4},"end":{"line":22,"column":16}},"locations":[{"start":{"line":21,"column":4},"end":{"line":22,"column":16}}]},"4":{"type":"branch","line":23,"loc":{"start":{"line":23,"column":4},"end":{"line":24,"column":15}},"locations":[{"start":{"line":23,"column":4},"end":{"line":24,"column":15}}]},"5":{"type":"branch","line":25,"loc":{"start":{"line":25,"column":4},"end":{"line":26,"column":15}},"locations":[{"start":{"line":25,"column":4},"end":{"line":26,"column":15}}]},"6":{"type":"branch","line":27,"loc":{"start":{"line":27,"column":4},"end":{"line":28,"column":15}},"locations":[{"start":{"line":27,"column":4},"end":{"line":28,"column":15}}]},"7":{"type":"branch","line":29,"loc":{"start":{"line":29,"column":4},"end":{"line":30,"column":15}},"locations":[{"start":{"line":29,"column":4},"end":{"line":30,"column":15}}]},"8":{"type":"branch","line":46,"loc":{"start":{"line":46,"column":30},"end":{"line":63,"column":2}},"locations":[{"start":{"line":46,"column":30},"end":{"line":63,"column":2}}]},"9":{"type":"branch","line":48,"loc":{"start":{"line":48,"column":4},"end":{"line":49,"column":15}},"locations":[{"start":{"line":48,"column":4},"end":{"line":49,"column":15}}]},"10":{"type":"branch","line":50,"loc":{"start":{"line":50,"column":4},"end":{"line":51,"column":15}},"locations":[{"start":{"line":50,"column":4},"end":{"line":51,"column":15}}]},"11":{"type":"branch","line":52,"loc":{"start":{"line":52,"column":4},"end":{"line":53,"column":15}},"locations":[{"start":{"line":52,"column":4},"end":{"line":53,"column":15}}]},"12":{"type":"branch","line":54,"loc":{"start":{"line":54,"column":4},"end":{"line":55,"column":16}},"locations":[{"start":{"line":54,"column":4},"end":{"line":55,"column":16}}]},"13":{"type":"branch","line":56,"loc":{"start":{"line":56,"column":4},"end":{"line":57,"column":16}},"locations":[{"start":{"line":56,"column":4},"end":{"line":57,"column":16}}]},"14":{"type":"branch","line":58,"loc":{"start":{"line":58,"column":4},"end":{"line":59,"column":16}},"locations":[{"start":{"line":58,"column":4},"end":{"line":59,"column":16}}]},"15":{"type":"branch","line":60,"loc":{"start":{"line":60,"column":4},"end":{"line":61,"column":15}},"locations":[{"start":{"line":60,"column":4},"end":{"line":61,"column":15}}]}},"b":{"0":[5857],"1":[224],"2":[513],"3":[268],"4":[295],"5":[2030],"6":[337],"7":[2190],"8":[5857],"9":[268],"10":[1141],"11":[337],"12":[224],"13":[1049],"14":[295],"15":[2543]},"fnMap":{"0":{"name":"getRowDelta","decl":{"start":{"line":15,"column":27},"end":{"line":32,"column":2}},"loc":{"start":{"line":15,"column":27},"end":{"line":32,"column":2}},"line":15},"1":{"name":"getColumnDelta","decl":{"start":{"line":46,"column":30},"end":{"line":63,"column":2}},"loc":{"start":{"line":46,"column":30},"end":{"line":63,"column":2}},"line":46}},"f":{"0":5857,"1":5857}}
,"/Users/Josiah/Documents/GitHub/prevail-rules/src/functions/boardSpace/filterUndefinedSpaces.ts": {"path":"/Users/Josiah/Documents/GitHub/prevail-rules/src/functions/boardSpace/filterUndefinedSpaces.ts","all":false,"statementMap":{"8":{"start":{"line":9,"column":0},"end":{"line":9,"column":38}},"9":{"start":{"line":10,"column":0},"end":{"line":10,"column":50}},"10":{"start":{"line":11,"column":0},"end":{"line":11,"column":32}},"11":{"start":{"line":12,"column":0},"end":{"line":12,"column":17}},"12":{"start":{"line":13,"column":0},"end":{"line":13,"column":32}},"13":{"start":{"line":14,"column":0},"end":{"line":14,"column":37}},"14":{"start":{"line":15,"column":0},"end":{"line":15,"column":34}},"15":{"start":{"line":16,"column":0},"end":{"line":16,"column":35}},"16":{"start":{"line":17,"column":0},"end":{"line":17,"column":1}}},"s":{"8":1,"9":1435,"10":1435,"11":1435,"12":1435,"13":1435,"14":1435,"15":1435,"16":1435},"branchMap":{"0":{"type":"branch","line":9,"loc":{"start":{"line":9,"column":7},"end":{"line":17,"column":1}},"locations":[{"start":{"line":9,"column":7},"end":{"line":17,"column":1}}]},"1":{"type":"branch","line":14,"loc":{"start":{"line":14,"column":6},"end":{"line":14,"column":37}},"locations":[{"start":{"line":14,"column":6},"end":{"line":14,"column":37}}]}},"b":{"0":[1435],"1":[7401]},"fnMap":{"0":{"name":"filterUndefinedSpaces","decl":{"start":{"line":9,"column":7},"end":{"line":17,"column":1}},"loc":{"start":{"line":9,"column":7},"end":{"line":17,"column":1}},"line":9}},"f":{"0":1435}}
,"/Users/Josiah/Documents/GitHub/prevail-rules/src/functions/boardSpace/getBoardSpace.ts": {"path":"/Users/Josiah/Documents/GitHub/prevail-rules/src/functions/boardSpace/getBoardSpace.ts","all":false,"statementMap":{"0":{"start":{"line":21,"column":0},"end":{"line":21,"column":52}},"1":{"start":{"line":22,"column":0},"end":{"line":22,"column":16}},"2":{"start":{"line":23,"column":0},"end":{"line":23,"column":37}},"3":{"start":{"line":24,"column":0},"end":{"line":24,"column":15}},"4":{"start":{"line":28,"column":0},"end":{"line":28,"column":68}},"5":{"start":{"line":31,"column":0},"end":{"line":31,"column":28}},"6":{"start":{"line":32,"column":0},"end":{"line":32,"column":20}},"7":{"start":{"line":33,"column":0},"end":{"line":33,"column":76}},"8":{"start":{"line":34,"column":0},"end":{"line":34,"column":6}},"9":{"start":{"line":35,"column":0},"end":{"line":35,"column":3}},"10":{"start":{"line":38,"column":0},"end":{"line":38,"column":15}},"11":{"start":{"line":39,"column":0},"end":{"line":39,"column":1}}},"s":{"0":2,"1":3117,"2":3117,"3":3117,"4":3117,"5":3117,"6":6,"7":6,"8":6,"9":6,"10":3111,"11":3111},"branchMap":{"0":{"type":"branch","line":21,"loc":{"start":{"line":21,"column":7},"end":{"line":39,"column":1}},"locations":[{"start":{"line":21,"column":7},"end":{"line":39,"column":1}}]},"1":{"type":"branch","line":31,"loc":{"start":{"line":31,"column":27},"end":{"line":35,"column":3}},"locations":[{"start":{"line":31,"column":27},"end":{"line":35,"column":3}}]},"2":{"type":"branch","line":35,"loc":{"start":{"line":35,"column":2},"end":{"line":39,"column":1}},"locations":[{"start":{"line":35,"column":2},"end":{"line":39,"column":1}}]}},"b":{"0":[3117],"1":[6],"2":[3111]},"fnMap":{"0":{"name":"getBoardSpace","decl":{"start":{"line":21,"column":7},"end":{"line":39,"column":1}},"loc":{"start":{"line":21,"column":7},"end":{"line":39,"column":1}},"line":21}},"f":{"0":3117}}
,"/Users/Josiah/Documents/GitHub/prevail-rules/src/functions/boardSpace/getForwardSpace.ts": {"path":"/Users/Josiah/Documents/GitHub/prevail-rules/src/functions/boardSpace/getForwardSpace.ts","all":false,"statementMap":{"4":{"start":{"line":5,"column":0},"end":{"line":5,"column":69}},"5":{"start":{"line":6,"column":0},"end":{"line":6,"column":69}},"6":{"start":{"line":7,"column":0},"end":{"line":7,"column":58}},"13":{"start":{"line":14,"column":0},"end":{"line":14,"column":70}},"14":{"start":{"line":15,"column":0},"end":{"line":15,"column":26}},"15":{"start":{"line":16,"column":0},"end":{"line":16,"column":21}},"16":{"start":{"line":17,"column":0},"end":{"line":17,"column":35}},"17":{"start":{"line":18,"column":0},"end":{"line":18,"column":28}},"20":{"start":{"line":21,"column":0},"end":{"line":21,"column":45}},"21":{"start":{"line":22,"column":0},"end":{"line":22,"column":48}},"24":{"start":{"line":25,"column":0},"end":{"line":25,"column":62}},"25":{"start":{"line":26,"column":0},"end":{"line":26,"column":71}},"28":{"start":{"line":29,"column":0},"end":{"line":29,"column":31}},"29":{"start":{"line":30,"column":0},"end":{"line":30,"column":48}},"30":{"start":{"line":31,"column":0},"end":{"line":31,"column":3}},"31":{"start":{"line":32,"column":0},"end":{"line":32,"column":34}},"32":{"start":{"line":33,"column":0},"end":{"line":33,"column":54}},"33":{"start":{"line":34,"column":0},"end":{"line":34,"column":3}},"36":{"start":{"line":37,"column":0},"end":{"line":37,"column":58}},"37":{"start":{"line":38,"column":0},"end":{"line":38,"column":30}},"38":{"start":{"line":39,"column":0},"end":{"line":39,"column":49}},"39":{"start":{"line":40,"column":0},"end":{"line":40,"column":3}},"42":{"start":{"line":43,"column":0},"end":{"line":43,"column":60}},"43":{"start":{"line":44,"column":0},"end":{"line":44,"column":69}},"46":{"start":{"line":47,"column":0},"end":{"line":47,"column":6}},"47":{"start":{"line":48,"column":0},"end":{"line":48,"column":22}},"48":{"start":{"line":49,"column":0},"end":{"line":49,"column":46}},"49":{"start":{"line":50,"column":0},"end":{"line":50,"column":25}},"50":{"start":{"line":51,"column":0},"end":{"line":51,"column":49}},"51":{"start":{"line":52,"column":0},"end":{"line":52,"column":5}},"52":{"start":{"line":53,"column":0},"end":{"line":53,"column":21}},"53":{"start":{"line":54,"column":0},"end":{"line":54,"column":3}},"56":{"start":{"line":57,"column":0},"end":{"line":57,"column":49}},"57":{"start":{"line":58,"column":0},"end":{"line":58,"column":58}},"60":{"start":{"line":61,"column":0},"end":{"line":61,"column":52}},"61":{"start":{"line":62,"column":0},"end":{"line":62,"column":1}},"86":{"start":{"line":87,"column":0},"end":{"line":87,"column":32}},"87":{"start":{"line":88,"column":0},"end":{"line":88,"column":15}},"88":{"start":{"line":89,"column":0},"end":{"line":89,"column":37}},"89":{"start":{"line":90,"column":0},"end":{"line":90,"column":21}},"90":{"start":{"line":91,"column":0},"end":{"line":91,"column":39}},"91":{"start":{"line":92,"column":0},"end":{"line":92,"column":49}},"92":{"start":{"line":93,"column":0},"end":{"line":93,"column":65}},"95":{"start":{"line":96,"column":0},"end":{"line":96,"column":1}}},"s":{"4":1,"5":1,"6":1,"13":1,"14":5865,"15":5865,"16":5865,"17":5865,"20":5865,"21":5865,"24":5865,"25":5865,"28":5865,"29":7,"30":7,"31":5865,"32":7,"33":7,"36":5851,"37":5865,"38":2,"39":2,"42":5849,"43":5849,"46":5849,"47":5849,"48":5706,"49":5181,"50":5023,"51":5865,"52":1000,"53":1000,"56":4849,"57":4849,"60":4849,"61":4849,"86":1,"87":5865,"88":5865,"89":5865,"90":5865,"91":5865,"92":5865,"95":5865},"branchMap":{"0":{"type":"branch","line":14,"loc":{"start":{"line":14,"column":7},"end":{"line":62,"column":1}},"locations":[{"start":{"line":14,"column":7},"end":{"line":62,"column":1}}]},"1":{"type":"branch","line":29,"loc":{"start":{"line":29,"column":30},"end":{"line":31,"column":3}},"locations":[{"start":{"line":29,"column":30},"end":{"line":31,"column":3}}]},"2":{"type":"branch","line":31,"loc":{"start":{"line":31,"column":2},"end":{"line":32,"column":33}},"locations":[{"start":{"line":31,"column":2},"end":{"line":32,"column":33}}]},"3":{"type":"branch","line":32,"loc":{"start":{"line":32,"column":33},"end":{"line":34,"column":3}},"locations":[{"start":{"line":32,"column":33},"end":{"line":34,"column":3}}]},"4":{"type":"branch","line":34,"loc":{"start":{"line":34,"column":2},"end":{"line":38,"column":29}},"locations":[{"start":{"line":34,"column":2},"end":{"line":38,"column":29}}]},"5":{"type":"branch","line":38,"loc":{"start":{"line":38,"column":29},"end":{"line":40,"column":3}},"locations":[{"start":{"line":38,"column":29},"end":{"line":40,"column":3}}]},"6":{"type":"branch","line":40,"loc":{"start":{"line":40,"column":2},"end":{"line":49,"column":46}},"locations":[{"start":{"line":40,"column":2},"end":{"line":49,"column":46}}]},"7":{"type":"branch","line":40,"loc":{"start":{"line":40,"column":2},"end":{"line":48,"column":22}},"locations":[{"start":{"line":40,"column":2},"end":{"line":48,"column":22}}]},"8":{"type":"branch","line":48,"loc":{"start":{"line":48,"column":18},"end":{"line":49,"column":46}},"locations":[{"start":{"line":48,"column":18},"end":{"line":49,"column":46}}]},"9":{"type":"branch","line":49,"loc":{"start":{"line":49,"column":37},"end":{"line":50,"column":25}},"locations":[{"start":{"line":49,"column":37},"end":{"line":50,"column":25}}]},"10":{"type":"branch","line":50,"loc":{"start":{"line":50,"column":21},"end":{"line":51,"column":49}},"locations":[{"start":{"line":50,"column":21},"end":{"line":51,"column":49}}]},"11":{"type":"branch","line":52,"loc":{"start":{"line":52,"column":4},"end":{"line":62,"column":1}},"locations":[{"start":{"line":52,"column":4},"end":{"line":62,"column":1}}]},"12":{"type":"branch","line":52,"loc":{"start":{"line":52,"column":4},"end":{"line":54,"column":3}},"locations":[{"start":{"line":52,"column":4},"end":{"line":54,"column":3}}]},"13":{"type":"branch","line":54,"loc":{"start":{"line":54,"column":2},"end":{"line":62,"column":1}},"locations":[{"start":{"line":54,"column":2},"end":{"line":62,"column":1}}]},"14":{"type":"branch","line":87,"loc":{"start":{"line":87,"column":7},"end":{"line":96,"column":1}},"locations":[{"start":{"line":87,"column":7},"end":{"line":96,"column":1}}]}},"b":{"0":[5865],"1":[7],"2":[5858],"3":[7],"4":[5851],"5":[2],"6":[5863],"7":[5849],"8":[5706],"9":[5181],"10":[5023],"11":[5855],"12":[1000],"13":[4849],"14":[5865]},"fnMap":{"0":{"name":"getForwardSpaceWithConfig","decl":{"start":{"line":14,"column":7},"end":{"line":62,"column":1}},"loc":{"start":{"line":14,"column":7},"end":{"line":62,"column":1}},"line":14},"1":{"name":"getForwardSpace","decl":{"start":{"line":87,"column":7},"end":{"line":96,"column":1}},"loc":{"start":{"line":87,"column":7},"end":{"line":96,"column":1}},"line":87}},"f":{"0":5865,"1":5865}}
,"/Users/Josiah/Documents/GitHub/prevail-rules/src/functions/boardSpace/getForwardSpacesToEdge.ts": {"path":"/Users/Josiah/Documents/GitHub/prevail-rules/src/functions/boardSpace/getForwardSpacesToEdge.ts","all":false,"statementMap":{"3":{"start":{"line":4,"column":0},"end":{"line":4,"column":67}},"4":{"start":{"line":5,"column":0},"end":{"line":5,"column":55}},"15":{"start":{"line":16,"column":0},"end":{"line":16,"column":39}},"16":{"start":{"line":17,"column":0},"end":{"line":17,"column":15}},"17":{"start":{"line":18,"column":0},"end":{"line":18,"column":37}},"18":{"start":{"line":19,"column":0},"end":{"line":19,"column":21}},"19":{"start":{"line":20,"column":0},"end":{"line":20,"column":35}},"21":{"start":{"line":22,"column":0},"end":{"line":22,"column":68}},"23":{"start":{"line":24,"column":0},"end":{"line":24,"column":68}},"24":{"start":{"line":25,"column":0},"end":{"line":25,"column":38}},"26":{"start":{"line":27,"column":0},"end":{"line":27,"column":67}},"28":{"start":{"line":29,"column":0},"end":{"line":29,"column":34}},"29":{"start":{"line":30,"column":0},"end":{"line":30,"column":28}},"31":{"start":{"line":32,"column":0},"end":{"line":32,"column":31}},"32":{"start":{"line":33,"column":0},"end":{"line":33,"column":12}},"34":{"start":{"line":35,"column":0},"end":{"line":35,"column":12}},"35":{"start":{"line":36,"column":0},"end":{"line":36,"column":5}},"36":{"start":{"line":37,"column":0},"end":{"line":37,"column":3}},"38":{"start":{"line":39,"column":0},"end":{"line":39,"column":28}},"40":{"start":{"line":41,"column":0},"end":{"line":41,"column":52}},"42":{"start":{"line":43,"column":0},"end":{"line":43,"column":21}},"43":{"start":{"line":44,"column":0},"end":{"line":44,"column":2}}},"s":{"3":1,"4":1,"15":1,"16":918,"17":918,"18":918,"19":918,"21":918,"23":918,"24":918,"26":4435,"28":4435,"29":3517,"31":3517,"32":4435,"34":918,"35":918,"36":4435,"38":918,"40":918,"42":918,"43":918},"branchMap":{"0":{"type":"branch","line":16,"loc":{"start":{"line":16,"column":38},"end":{"line":44,"column":2}},"locations":[{"start":{"line":16,"column":38},"end":{"line":44,"column":2}}]},"1":{"type":"branch","line":25,"loc":{"start":{"line":25,"column":37},"end":{"line":37,"column":3}},"locations":[{"start":{"line":25,"column":37},"end":{"line":37,"column":3}}]},"2":{"type":"branch","line":29,"loc":{"start":{"line":29,"column":33},"end":{"line":33,"column":11}},"locations":[{"start":{"line":29,"column":33},"end":{"line":33,"column":11}}]},"3":{"type":"branch","line":33,"loc":{"start":{"line":33,"column":4},"end":{"line":36,"column":5}},"locations":[{"start":{"line":33,"column":4},"end":{"line":36,"column":5}}]}},"b":{"0":[918],"1":[4435],"2":[3517],"3":[918]},"fnMap":{"0":{"name":"getForwardSpacesToEdge","decl":{"start":{"line":16,"column":38},"end":{"line":44,"column":2}},"loc":{"start":{"line":16,"column":38},"end":{"line":44,"column":2}},"line":16}},"f":{"0":918}}
,"/Users/Josiah/Documents/GitHub/prevail-rules/src/functions/boardSpace/getRearwardSpace.ts": {"path":"/Users/Josiah/Documents/GitHub/prevail-rules/src/functions/boardSpace/getRearwardSpace.ts","all":false,"statementMap":{"3":{"start":{"line":4,"column":0},"end":{"line":4,"column":68}},"4":{"start":{"line":5,"column":0},"end":{"line":5,"column":55}},"17":{"start":{"line":18,"column":0},"end":{"line":18,"column":33}},"18":{"start":{"line":19,"column":0},"end":{"line":19,"column":15}},"19":{"start":{"line":20,"column":0},"end":{"line":20,"column":37}},"20":{"start":{"line":21,"column":0},"end":{"line":21,"column":21}},"21":{"start":{"line":22,"column":0},"end":{"line":22,"column":39}},"23":{"start":{"line":24,"column":0},"end":{"line":24,"column":51}},"25":{"start":{"line":26,"column":0},"end":{"line":26,"column":75}},"26":{"start":{"line":27,"column":0},"end":{"line":27,"column":23}},"27":{"start":{"line":28,"column":0},"end":{"line":28,"column":1}}},"s":{"3":1,"4":1,"17":1,"18":19,"19":19,"20":19,"21":19,"23":19,"25":19,"26":19,"27":19},"branchMap":{"0":{"type":"branch","line":18,"loc":{"start":{"line":18,"column":7},"end":{"line":28,"column":1}},"locations":[{"start":{"line":18,"column":7},"end":{"line":28,"column":1}}]}},"b":{"0":[19]},"fnMap":{"0":{"name":"getRearwardSpace","decl":{"start":{"line":18,"column":7},"end":{"line":28,"column":1}},"loc":{"start":{"line":18,"column":7},"end":{"line":28,"column":1}},"line":18}},"f":{"0":19}}
,"/Users/Josiah/Documents/GitHub/prevail-rules/src/functions/boardSpace/adjacency/getAdjacentSpaces.ts": {"path":"/Users/Josiah/Documents/GitHub/prevail-rules/src/functions/boardSpace/adjacency/getAdjacentSpaces.ts","all":false,"statementMap":{"2":{"start":{"line":3,"column":0},"end":{"line":3,"column":52}},"3":{"start":{"line":4,"column":0},"end":{"line":4,"column":68}},"4":{"start":{"line":5,"column":0},"end":{"line":5,"column":56}},"13":{"start":{"line":14,"column":0},"end":{"line":14,"column":34}},"14":{"start":{"line":15,"column":0},"end":{"line":15,"column":15}},"15":{"start":{"line":16,"column":0},"end":{"line":16,"column":37}},"16":{"start":{"line":17,"column":0},"end":{"line":17,"column":32}},"18":{"start":{"line":19,"column":0},"end":{"line":19,"column":33}},"19":{"start":{"line":20,"column":0},"end":{"line":20,"column":76}},"20":{"start":{"line":21,"column":0},"end":{"line":21,"column":47}},"23":{"start":{"line":24,"column":0},"end":{"line":24,"column":68}},"26":{"start":{"line":27,"column":0},"end":{"line":27,"column":69}},"27":{"start":{"line":28,"column":0},"end":{"line":28,"column":1}}},"s":{"2":1,"3":1,"4":1,"13":1,"14":3,"15":3,"16":3,"18":3,"19":3,"20":3,"23":3,"26":3,"27":3},"branchMap":{"0":{"type":"branch","line":14,"loc":{"start":{"line":14,"column":7},"end":{"line":28,"column":1}},"locations":[{"start":{"line":14,"column":7},"end":{"line":28,"column":1}}]},"1":{"type":"branch","line":20,"loc":{"start":{"line":20,"column":20},"end":{"line":20,"column":74}},"locations":[{"start":{"line":20,"column":20},"end":{"line":20,"column":74}}]}},"b":{"0":[3],"1":[24]},"fnMap":{"0":{"name":"getAdjacentSpaces","decl":{"start":{"line":14,"column":7},"end":{"line":28,"column":1}},"loc":{"start":{"line":14,"column":7},"end":{"line":28,"column":1}},"line":14}},"f":{"0":3}}
,"/Users/Josiah/Documents/GitHub/prevail-rules/src/functions/boardSpace/adjacency/getBackSpaces.ts": {"path":"/Users/Josiah/Documents/GitHub/prevail-rules/src/functions/boardSpace/adjacency/getBackSpaces.ts","all":false,"statementMap":{"0":{"start":{"line":4,"column":0},"end":{"line":4,"column":71}},"1":{"start":{"line":5,"column":0},"end":{"line":5,"column":53}},"2":{"start":{"line":14,"column":0},"end":{"line":14,"column":30}},"3":{"start":{"line":15,"column":0},"end":{"line":15,"column":15}},"4":{"start":{"line":16,"column":0},"end":{"line":16,"column":37}},"5":{"start":{"line":17,"column":0},"end":{"line":17,"column":21}},"6":{"start":{"line":18,"column":0},"end":{"line":18,"column":32}},"7":{"start":{"line":19,"column":0},"end":{"line":19,"column":51}},"8":{"start":{"line":20,"column":0},"end":{"line":20,"column":71}},"9":{"start":{"line":21,"column":0},"end":{"line":21,"column":20}},"10":{"start":{"line":22,"column":0},"end":{"line":22,"column":1}}},"s":{"0":2,"1":2,"2":2,"3":99,"4":99,"5":99,"6":99,"7":99,"8":99,"9":99,"10":99},"branchMap":{"0":{"type":"branch","line":14,"loc":{"start":{"line":14,"column":7},"end":{"line":22,"column":1}},"locations":[{"start":{"line":14,"column":7},"end":{"line":22,"column":1}}]}},"b":{"0":[99]},"fnMap":{"0":{"name":"getBackSpaces","decl":{"start":{"line":14,"column":7},"end":{"line":22,"column":1}},"loc":{"start":{"line":14,"column":7},"end":{"line":22,"column":1}},"line":14}},"f":{"0":99}}
,"/Users/Josiah/Documents/GitHub/prevail-rules/src/functions/boardSpace/adjacency/getFlankingSpaces.ts": {"path":"/Users/Josiah/Documents/GitHub/prevail-rules/src/functions/boardSpace/adjacency/getFlankingSpaces.ts","all":false,"statementMap":{"0":{"start":{"line":4,"column":0},"end":{"line":4,"column":77}},"1":{"start":{"line":5,"column":0},"end":{"line":5,"column":68}},"2":{"start":{"line":6,"column":0},"end":{"line":6,"column":56}},"3":{"start":{"line":16,"column":0},"end":{"line":16,"column":34}},"4":{"start":{"line":17,"column":0},"end":{"line":17,"column":15}},"5":{"start":{"line":18,"column":0},"end":{"line":18,"column":37}},"6":{"start":{"line":19,"column":0},"end":{"line":19,"column":21}},"7":{"start":{"line":20,"column":0},"end":{"line":20,"column":32}},"8":{"start":{"line":22,"column":0},"end":{"line":22,"column":62}},"9":{"start":{"line":24,"column":0},"end":{"line":24,"column":39}},"10":{"start":{"line":25,"column":0},"end":{"line":25,"column":20}},"11":{"start":{"line":26,"column":0},"end":{"line":26,"column":75}},"12":{"start":{"line":27,"column":0},"end":{"line":27,"column":6}},"13":{"start":{"line":28,"column":0},"end":{"line":28,"column":3}},"14":{"start":{"line":30,"column":0},"end":{"line":30,"column":33}},"15":{"start":{"line":31,"column":0},"end":{"line":31,"column":37}},"16":{"start":{"line":32,"column":0},"end":{"line":32,"column":49}},"17":{"start":{"line":33,"column":0},"end":{"line":33,"column":6}},"18":{"start":{"line":34,"column":0},"end":{"line":34,"column":4}},"19":{"start":{"line":36,"column":0},"end":{"line":36,"column":68}},"20":{"start":{"line":38,"column":0},"end":{"line":38,"column":29}},"21":{"start":{"line":39,"column":0},"end":{"line":39,"column":1}}},"s":{"0":2,"1":2,"2":2,"3":2,"4":93,"5":93,"6":93,"7":93,"8":93,"9":93,"10":0,"11":0,"12":0,"13":0,"14":92,"15":92,"16":182,"17":92,"18":92,"19":92,"20":92,"21":92},"branchMap":{"0":{"type":"branch","line":16,"loc":{"start":{"line":16,"column":7},"end":{"line":39,"column":1}},"locations":[{"start":{"line":16,"column":7},"end":{"line":39,"column":1}}]},"1":{"type":"branch","line":24,"loc":{"start":{"line":24,"column":38},"end":{"line":28,"column":3}},"locations":[{"start":{"line":24,"column":38},"end":{"line":28,"column":3}}]},"2":{"type":"branch","line":28,"loc":{"start":{"line":28,"column":2},"end":{"line":39,"column":1}},"locations":[{"start":{"line":28,"column":2},"end":{"line":39,"column":1}}]},"3":{"type":"branch","line":31,"loc":{"start":{"line":31,"column":26},"end":{"line":32,"column":49}},"locations":[{"start":{"line":31,"column":26},"end":{"line":32,"column":49}}]}},"b":{"0":[93],"1":[0],"2":[92],"3":[182]},"fnMap":{"0":{"name":"getFlankingSpaces","decl":{"start":{"line":16,"column":7},"end":{"line":39,"column":1}},"loc":{"start":{"line":16,"column":7},"end":{"line":39,"column":1}},"line":16}},"f":{"0":93}}
,"/Users/Josiah/Documents/GitHub/prevail-rules/src/functions/boardSpace/adjacency/getFrontSpaces.ts": {"path":"/Users/Josiah/Documents/GitHub/prevail-rules/src/functions/boardSpace/adjacency/getFrontSpaces.ts","all":false,"statementMap":{"0":{"start":{"line":4,"column":0},"end":{"line":4,"column":73}},"1":{"start":{"line":5,"column":0},"end":{"line":5,"column":68}},"2":{"start":{"line":6,"column":0},"end":{"line":6,"column":56}},"3":{"start":{"line":15,"column":0},"end":{"line":15,"column":31}},"4":{"start":{"line":16,"column":0},"end":{"line":16,"column":15}},"5":{"start":{"line":17,"column":0},"end":{"line":17,"column":37}},"6":{"start":{"line":18,"column":0},"end":{"line":18,"column":21}},"7":{"start":{"line":19,"column":0},"end":{"line":19,"column":32}},"8":{"start":{"line":21,"column":0},"end":{"line":21,"column":53}},"9":{"start":{"line":22,"column":0},"end":{"line":22,"column":54}},"10":{"start":{"line":25,"column":0},"end":{"line":25,"column":36}},"11":{"start":{"line":26,"column":0},"end":{"line":26,"column":20}},"12":{"start":{"line":27,"column":0},"end":{"line":27,"column":69}},"13":{"start":{"line":28,"column":0},"end":{"line":28,"column":6}},"14":{"start":{"line":29,"column":0},"end":{"line":29,"column":3}},"15":{"start":{"line":31,"column":0},"end":{"line":31,"column":32}},"16":{"start":{"line":32,"column":0},"end":{"line":32,"column":79}},"17":{"start":{"line":33,"column":0},"end":{"line":33,"column":4}},"18":{"start":{"line":36,"column":0},"end":{"line":36,"column":66}},"19":{"start":{"line":39,"column":0},"end":{"line":39,"column":28}},"20":{"start":{"line":40,"column":0},"end":{"line":40,"column":1}}},"s":{"0":2,"1":2,"2":2,"3":2,"4":229,"5":229,"6":229,"7":229,"8":229,"9":229,"10":229,"11":0,"12":0,"13":0,"14":0,"15":228,"16":228,"17":228,"18":228,"19":228,"20":228},"branchMap":{"0":{"type":"branch","line":15,"loc":{"start":{"line":15,"column":7},"end":{"line":40,"column":1}},"locations":[{"start":{"line":15,"column":7},"end":{"line":40,"column":1}}]},"1":{"type":"branch","line":25,"loc":{"start":{"line":25,"column":35},"end":{"line":29,"column":3}},"locations":[{"start":{"line":25,"column":35},"end":{"line":29,"column":3}}]},"2":{"type":"branch","line":29,"loc":{"start":{"line":29,"column":2},"end":{"line":40,"column":1}},"locations":[{"start":{"line":29,"column":2},"end":{"line":40,"column":1}}]},"3":{"type":"branch","line":32,"loc":{"start":{"line":32,"column":23},"end":{"line":32,"column":77}},"locations":[{"start":{"line":32,"column":23},"end":{"line":32,"column":77}}]}},"b":{"0":[229],"1":[0],"2":[228],"3":[676]},"fnMap":{"0":{"name":"getFrontSpaces","decl":{"start":{"line":15,"column":7},"end":{"line":40,"column":1}},"loc":{"start":{"line":15,"column":7},"end":{"line":40,"column":1}},"line":15}},"f":{"0":229}}
,"/Users/Josiah/Documents/GitHub/prevail-rules/src/functions/boardSpace/areas/getInlineSpaces.ts": {"path":"/Users/Josiah/Documents/GitHub/prevail-rules/src/functions/boardSpace/areas/getInlineSpaces.ts","all":false,"statementMap":{"3":{"start":{"line":4,"column":0},"end":{"line":4,"column":77}},"4":{"start":{"line":5,"column":0},"end":{"line":5,"column":68}},"5":{"start":{"line":6,"column":0},"end":{"line":6,"column":70}},"17":{"start":{"line":18,"column":0},"end":{"line":18,"column":32}},"18":{"start":{"line":19,"column":0},"end":{"line":19,"column":15}},"19":{"start":{"line":20,"column":0},"end":{"line":20,"column":37}},"20":{"start":{"line":21,"column":0},"end":{"line":21,"column":21}},"21":{"start":{"line":22,"column":0},"end":{"line":22,"column":32}},"23":{"start":{"line":24,"column":0},"end":{"line":24,"column":74}},"26":{"start":{"line":27,"column":0},"end":{"line":27,"column":62}},"29":{"start":{"line":30,"column":0},"end":{"line":30,"column":53}},"30":{"start":{"line":31,"column":0},"end":{"line":31,"column":79}},"31":{"start":{"line":32,"column":0},"end":{"line":32,"column":56}},"32":{"start":{"line":33,"column":0},"end":{"line":33,"column":3}},"35":{"start":{"line":36,"column":0},"end":{"line":36,"column":64}},"38":{"start":{"line":39,"column":0},"end":{"line":39,"column":27}},"39":{"start":{"line":40,"column":0},"end":{"line":40,"column":1}}},"s":{"3":1,"4":1,"5":1,"17":1,"18":178,"19":178,"20":178,"21":178,"23":178,"26":178,"29":178,"30":356,"31":356,"32":356,"35":178,"38":178,"39":178},"branchMap":{"0":{"type":"branch","line":18,"loc":{"start":{"line":18,"column":7},"end":{"line":40,"column":1}},"locations":[{"start":{"line":18,"column":7},"end":{"line":40,"column":1}}]},"1":{"type":"branch","line":30,"loc":{"start":{"line":30,"column":52},"end":{"line":33,"column":3}},"locations":[{"start":{"line":30,"column":52},"end":{"line":33,"column":3}}]},"2":{"type":"branch","line":32,"loc":{"start":{"line":32,"column":32},"end":{"line":32,"column":56}},"locations":[{"start":{"line":32,"column":32},"end":{"line":32,"column":56}}]}},"b":{"0":[178],"1":[356],"2":[2257]},"fnMap":{"0":{"name":"getInlineSpaces","decl":{"start":{"line":18,"column":7},"end":{"line":40,"column":1}},"loc":{"start":{"line":18,"column":7},"end":{"line":40,"column":1}},"line":18}},"f":{"0":178}}
,"/Users/Josiah/Documents/GitHub/prevail-rules/src/functions/boardSpace/areas/getSpacesAhead.ts": {"path":"/Users/Josiah/Documents/GitHub/prevail-rules/src/functions/boardSpace/areas/getSpacesAhead.ts","all":false,"statementMap":{"3":{"start":{"line":4,"column":0},"end":{"line":4,"column":64}},"4":{"start":{"line":5,"column":0},"end":{"line":5,"column":68}},"5":{"start":{"line":6,"column":0},"end":{"line":6,"column":70}},"6":{"start":{"line":7,"column":0},"end":{"line":7,"column":55}},"17":{"start":{"line":18,"column":0},"end":{"line":18,"column":31}},"18":{"start":{"line":19,"column":0},"end":{"line":19,"column":15}},"19":{"start":{"line":20,"column":0},"end":{"line":20,"column":37}},"20":{"start":{"line":21,"column":0},"end":{"line":21,"column":21}},"21":{"start":{"line":22,"column":0},"end":{"line":22,"column":32}},"23":{"start":{"line":24,"column":0},"end":{"line":24,"column":64}},"26":{"start":{"line":27,"column":0},"end":{"line":27,"column":36}},"27":{"start":{"line":28,"column":0},"end":{"line":28,"column":63}},"28":{"start":{"line":29,"column":0},"end":{"line":29,"column":73}},"29":{"start":{"line":30,"column":0},"end":{"line":30,"column":3}},"32":{"start":{"line":33,"column":0},"end":{"line":33,"column":36}},"33":{"start":{"line":34,"column":0},"end":{"line":34,"column":70}},"34":{"start":{"line":35,"column":0},"end":{"line":35,"column":73}},"35":{"start":{"line":36,"column":0},"end":{"line":36,"column":3}},"38":{"start":{"line":39,"column":0},"end":{"line":39,"column":62}},"41":{"start":{"line":42,"column":0},"end":{"line":42,"column":26}},"42":{"start":{"line":43,"column":0},"end":{"line":43,"column":1}}},"s":{"3":1,"4":1,"5":1,"6":1,"17":1,"18":5,"19":5,"20":5,"21":5,"23":5,"26":5,"27":52,"28":52,"29":52,"32":5,"33":67,"34":67,"35":67,"38":5,"41":5,"42":5},"branchMap":{"0":{"type":"branch","line":18,"loc":{"start":{"line":18,"column":7},"end":{"line":43,"column":1}},"locations":[{"start":{"line":18,"column":7},"end":{"line":43,"column":1}}]},"1":{"type":"branch","line":27,"loc":{"start":{"line":27,"column":35},"end":{"line":30,"column":3}},"locations":[{"start":{"line":27,"column":35},"end":{"line":30,"column":3}}]},"2":{"type":"branch","line":29,"loc":{"start":{"line":29,"column":44},"end":{"line":29,"column":73}},"locations":[{"start":{"line":29,"column":44},"end":{"line":29,"column":73}}]},"3":{"type":"branch","line":33,"loc":{"start":{"line":33,"column":35},"end":{"line":36,"column":3}},"locations":[{"start":{"line":33,"column":35},"end":{"line":36,"column":3}}]},"4":{"type":"branch","line":35,"loc":{"start":{"line":35,"column":44},"end":{"line":35,"column":73}},"locations":[{"start":{"line":35,"column":44},"end":{"line":35,"column":73}}]}},"b":{"0":[5],"1":[52],"2":[642],"3":[67],"4":[15]},"fnMap":{"0":{"name":"getSpacesAhead","decl":{"start":{"line":18,"column":7},"end":{"line":43,"column":1}},"loc":{"start":{"line":18,"column":7},"end":{"line":43,"column":1}},"line":18}},"f":{"0":5}}
,"/Users/Josiah/Documents/GitHub/prevail-rules/src/functions/boardSpace/areas/getSpacesBehind.ts": {"path":"/Users/Josiah/Documents/GitHub/prevail-rules/src/functions/boardSpace/areas/getSpacesBehind.ts","all":false,"statementMap":{"0":{"start":{"line":4,"column":0},"end":{"line":4,"column":71}},"1":{"start":{"line":5,"column":0},"end":{"line":5,"column":62}},"2":{"start":{"line":6,"column":0},"end":{"line":6,"column":68}},"3":{"start":{"line":7,"column":0},"end":{"line":7,"column":70}},"4":{"start":{"line":8,"column":0},"end":{"line":8,"column":55}},"5":{"start":{"line":19,"column":0},"end":{"line":19,"column":32}},"6":{"start":{"line":20,"column":0},"end":{"line":20,"column":15}},"7":{"start":{"line":21,"column":0},"end":{"line":21,"column":37}},"8":{"start":{"line":22,"column":0},"end":{"line":22,"column":21}},"9":{"start":{"line":23,"column":0},"end":{"line":23,"column":32}},"10":{"start":{"line":25,"column":0},"end":{"line":25,"column":64}},"11":{"start":{"line":28,"column":0},"end":{"line":28,"column":37}},"12":{"start":{"line":29,"column":0},"end":{"line":29,"column":63}},"13":{"start":{"line":30,"column":0},"end":{"line":30,"column":74}},"14":{"start":{"line":31,"column":0},"end":{"line":31,"column":3}},"15":{"start":{"line":34,"column":0},"end":{"line":34,"column":51}},"16":{"start":{"line":37,"column":0},"end":{"line":37,"column":37}},"17":{"start":{"line":38,"column":0},"end":{"line":38,"column":78}},"18":{"start":{"line":39,"column":0},"end":{"line":39,"column":74}},"19":{"start":{"line":40,"column":0},"end":{"line":40,"column":3}},"20":{"start":{"line":43,"column":0},"end":{"line":43,"column":64}},"21":{"start":{"line":46,"column":0},"end":{"line":46,"column":27}},"22":{"start":{"line":47,"column":0},"end":{"line":47,"column":1}}},"s":{"0":2,"1":2,"2":2,"3":2,"4":2,"5":2,"6":10,"7":10,"8":10,"9":10,"10":10,"11":10,"12":122,"13":122,"14":122,"15":10,"16":10,"17":489,"18":489,"19":489,"20":10,"21":10,"22":10},"branchMap":{"0":{"type":"branch","line":19,"loc":{"start":{"line":19,"column":7},"end":{"line":47,"column":1}},"locations":[{"start":{"line":19,"column":7},"end":{"line":47,"column":1}}]},"1":{"type":"branch","line":28,"loc":{"start":{"line":28,"column":36},"end":{"line":31,"column":3}},"locations":[{"start":{"line":28,"column":36},"end":{"line":31,"column":3}}]},"2":{"type":"branch","line":30,"loc":{"start":{"line":30,"column":44},"end":{"line":30,"column":74}},"locations":[{"start":{"line":30,"column":44},"end":{"line":30,"column":74}}]},"3":{"type":"branch","line":37,"loc":{"start":{"line":37,"column":36},"end":{"line":40,"column":3}},"locations":[{"start":{"line":37,"column":36},"end":{"line":40,"column":3}}]},"4":{"type":"branch","line":39,"loc":{"start":{"line":39,"column":44},"end":{"line":39,"column":74}},"locations":[{"start":{"line":39,"column":44},"end":{"line":39,"column":74}}]}},"b":{"0":[10],"1":[122],"2":[1742],"3":[489],"4":[1199]},"fnMap":{"0":{"name":"getSpacesBehind","decl":{"start":{"line":19,"column":7},"end":{"line":47,"column":1}},"loc":{"start":{"line":19,"column":7},"end":{"line":47,"column":1}},"line":19}},"f":{"0":10}}
,"/Users/Josiah/Documents/GitHub/prevail-rules/src/functions/boardSpace/areas/getSpacesInArc.ts": {"path":"/Users/Josiah/Documents/GitHub/prevail-rules/src/functions/boardSpace/areas/getSpacesInArc.ts","all":false,"statementMap":{"4":{"start":{"line":5,"column":0},"end":{"line":5,"column":64}},"5":{"start":{"line":6,"column":0},"end":{"line":6,"column":52}},"7":{"start":{"line":8,"column":0},"end":{"line":8,"column":31}},"8":{"start":{"line":9,"column":0},"end":{"line":9,"column":15}},"9":{"start":{"line":10,"column":0},"end":{"line":10,"column":37}},"10":{"start":{"line":11,"column":0},"end":{"line":11,"column":21}},"11":{"start":{"line":12,"column":0},"end":{"line":12,"column":16}},"12":{"start":{"line":13,"column":0},"end":{"line":13,"column":32}},"14":{"start":{"line":15,"column":0},"end":{"line":15,"column":68}},"16":{"start":{"line":17,"column":0},"end":{"line":17,"column":35}},"18":{"start":{"line":19,"column":0},"end":{"line":19,"column":48}},"19":{"start":{"line":20,"column":0},"end":{"line":20,"column":45}},"21":{"start":{"line":22,"column":0},"end":{"line":22,"column":65}},"23":{"start":{"line":24,"column":0},"end":{"line":24,"column":42}},"24":{"start":{"line":25,"column":0},"end":{"line":25,"column":31}},"25":{"start":{"line":26,"column":0},"end":{"line":26,"column":7}},"26":{"start":{"line":27,"column":0},"end":{"line":27,"column":5}},"27":{"start":{"line":28,"column":0},"end":{"line":28,"column":3}},"29":{"start":{"line":30,"column":0},"end":{"line":30,"column":33}},"31":{"start":{"line":32,"column":0},"end":{"line":32,"column":62}},"33":{"start":{"line":34,"column":0},"end":{"line":34,"column":26}},"34":{"start":{"line":35,"column":0},"end":{"line":35,"column":1}}},"s":{"4":1,"5":1,"7":1,"8":6,"9":6,"10":6,"11":6,"12":6,"14":6,"16":6,"18":12,"19":12,"21":33,"23":33,"24":83,"25":83,"26":33,"27":12,"29":6,"31":6,"33":6,"34":6},"branchMap":{"0":{"type":"branch","line":8,"loc":{"start":{"line":8,"column":7},"end":{"line":35,"column":1}},"locations":[{"start":{"line":8,"column":7},"end":{"line":35,"column":1}}]},"1":{"type":"branch","line":17,"loc":{"start":{"line":17,"column":34},"end":{"line":28,"column":3}},"locations":[{"start":{"line":17,"column":34},"end":{"line":28,"column":3}}]},"2":{"type":"branch","line":20,"loc":{"start":{"line":20,"column":44},"end":{"line":27,"column":5}},"locations":[{"start":{"line":20,"column":44},"end":{"line":27,"column":5}}]},"3":{"type":"branch","line":24,"loc":{"start":{"line":24,"column":41},"end":{"line":26,"column":7}},"locations":[{"start":{"line":24,"column":41},"end":{"line":26,"column":7}}]}},"b":{"0":[6],"1":[12],"2":[33],"3":[83]},"fnMap":{"0":{"name":"getSpacesInArc","decl":{"start":{"line":8,"column":7},"end":{"line":35,"column":1}},"loc":{"start":{"line":8,"column":7},"end":{"line":35,"column":1}},"line":8}},"f":{"0":6}}
,"/Users/Josiah/Documents/GitHub/prevail-rules/src/functions/facings/getAdjacentFacings.ts": {"path":"/Users/Josiah/Documents/GitHub/prevail-rules/src/functions/facings/getAdjacentFacings.ts","all":false,"statementMap":{"8":{"start":{"line":9,"column":0},"end":{"line":9,"column":76}},"9":{"start":{"line":10,"column":0},"end":{"line":10,"column":73}},"10":{"start":{"line":11,"column":0},"end":{"line":11,"column":21}},"11":{"start":{"line":12,"column":0},"end":{"line":12,"column":19}},"12":{"start":{"line":13,"column":0},"end":{"line":13,"column":51}},"13":{"start":{"line":14,"column":0},"end":{"line":14,"column":23}},"14":{"start":{"line":15,"column":0},"end":{"line":15,"column":42}},"15":{"start":{"line":16,"column":0},"end":{"line":16,"column":18}},"16":{"start":{"line":17,"column":0},"end":{"line":17,"column":51}},"17":{"start":{"line":18,"column":0},"end":{"line":18,"column":23}},"18":{"start":{"line":19,"column":0},"end":{"line":19,"column":42}},"19":{"start":{"line":20,"column":0},"end":{"line":20,"column":19}},"20":{"start":{"line":21,"column":0},"end":{"line":21,"column":51}},"21":{"start":{"line":22,"column":0},"end":{"line":22,"column":23}},"22":{"start":{"line":23,"column":0},"end":{"line":23,"column":42}},"23":{"start":{"line":24,"column":0},"end":{"line":24,"column":18}},"24":{"start":{"line":25,"column":0},"end":{"line":25,"column":51}},"25":{"start":{"line":26,"column":0},"end":{"line":26,"column":23}},"26":{"start":{"line":27,"column":0},"end":{"line":27,"column":42}},"27":{"start":{"line":28,"column":0},"end":{"line":28,"column":14}},"28":{"start":{"line":29,"column":0},"end":{"line":29,"column":53}},"29":{"start":{"line":30,"column":0},"end":{"line":30,"column":5}},"30":{"start":{"line":31,"column":0},"end":{"line":31,"column":4}},"31":{"start":{"line":32,"column":0},"end":{"line":32,"column":55}},"32":{"start":{"line":33,"column":0},"end":{"line":33,"column":35}},"33":{"start":{"line":34,"column":0},"end":{"line":34,"column":49}},"34":{"start":{"line":35,"column":0},"end":{"line":35,"column":3}},"35":{"start":{"line":36,"column":0},"end":{"line":36,"column":25}},"36":{"start":{"line":37,"column":0},"end":{"line":37,"column":2}}},"s":{"8":1,"9":238,"10":238,"11":238,"12":90,"13":238,"14":4,"15":238,"16":13,"17":238,"18":19,"19":238,"20":90,"21":238,"22":8,"23":238,"24":7,"25":238,"26":5,"27":238,"28":2,"29":238,"30":238,"31":238,"32":238,"33":0,"34":0,"35":236,"36":236},"branchMap":{"0":{"type":"branch","line":9,"loc":{"start":{"line":9,"column":34},"end":{"line":37,"column":2}},"locations":[{"start":{"line":9,"column":34},"end":{"line":37,"column":2}}]},"1":{"type":"branch","line":33,"loc":{"start":{"line":33,"column":34},"end":{"line":35,"column":3}},"locations":[{"start":{"line":33,"column":34},"end":{"line":35,"column":3}}]},"2":{"type":"branch","line":35,"loc":{"start":{"line":35,"column":2},"end":{"line":37,"column":2}},"locations":[{"start":{"line":35,"column":2},"end":{"line":37,"column":2}}]},"3":{"type":"branch","line":10,"loc":{"start":{"line":10,"column":31},"end":{"line":31,"column":4}},"locations":[{"start":{"line":10,"column":31},"end":{"line":31,"column":4}}]},"4":{"type":"branch","line":12,"loc":{"start":{"line":12,"column":6},"end":{"line":13,"column":51}},"locations":[{"start":{"line":12,"column":6},"end":{"line":13,"column":51}}]},"5":{"type":"branch","line":14,"loc":{"start":{"line":14,"column":6},"end":{"line":15,"column":42}},"locations":[{"start":{"line":14,"column":6},"end":{"line":15,"column":42}}]},"6":{"type":"branch","line":16,"loc":{"start":{"line":16,"column":6},"end":{"line":17,"column":51}},"locations":[{"start":{"line":16,"column":6},"end":{"line":17,"column":51}}]},"7":{"type":"branch","line":18,"loc":{"start":{"line":18,"column":6},"end":{"line":19,"column":42}},"locations":[{"start":{"line":18,"column":6},"end":{"line":19,"column":42}}]},"8":{"type":"branch","line":20,"loc":{"start":{"line":20,"column":6},"end":{"line":21,"column":51}},"locations":[{"start":{"line":20,"column":6},"end":{"line":21,"column":51}}]},"9":{"type":"branch","line":22,"loc":{"start":{"line":22,"column":6},"end":{"line":23,"column":42}},"locations":[{"start":{"line":22,"column":6},"end":{"line":23,"column":42}}]},"10":{"type":"branch","line":24,"loc":{"start":{"line":24,"column":6},"end":{"line":25,"column":51}},"locations":[{"start":{"line":24,"column":6},"end":{"line":25,"column":51}}]},"11":{"type":"branch","line":26,"loc":{"start":{"line":26,"column":6},"end":{"line":27,"column":42}},"locations":[{"start":{"line":26,"column":6},"end":{"line":27,"column":42}}]},"12":{"type":"branch","line":28,"loc":{"start":{"line":28,"column":6},"end":{"line":29,"column":53}},"locations":[{"start":{"line":28,"column":6},"end":{"line":29,"column":53}}]}},"b":{"0":[238],"1":[0],"2":[236],"3":[238],"4":[90],"5":[4],"6":[13],"7":[19],"8":[90],"9":[8],"10":[7],"11":[5],"12":[2]},"fnMap":{"0":{"name":"getAdjacentFacings","decl":{"start":{"line":9,"column":34},"end":{"line":37,"column":2}},"loc":{"start":{"line":9,"column":34},"end":{"line":37,"column":2}},"line":9},"1":{"name":"parseAdjacentFacings","decl":{"start":{"line":10,"column":31},"end":{"line":31,"column":4}},"loc":{"start":{"line":10,"column":31},"end":{"line":31,"column":4}},"line":10}},"f":{"0":238,"1":238}}
,"/Users/Josiah/Documents/GitHub/prevail-rules/src/functions/facings/getOppositeFacing.ts": {"path":"/Users/Josiah/Documents/GitHub/prevail-rules/src/functions/facings/getOppositeFacing.ts","all":false,"statementMap":{"0":{"start":{"line":9,"column":0},"end":{"line":9,"column":67}},"1":{"start":{"line":10,"column":0},"end":{"line":10,"column":19}},"2":{"start":{"line":11,"column":0},"end":{"line":11,"column":17}},"3":{"start":{"line":12,"column":0},"end":{"line":12,"column":21}},"4":{"start":{"line":13,"column":0},"end":{"line":13,"column":21}},"5":{"start":{"line":14,"column":0},"end":{"line":14,"column":25}},"6":{"start":{"line":15,"column":0},"end":{"line":15,"column":16}},"7":{"start":{"line":16,"column":0},"end":{"line":16,"column":20}},"8":{"start":{"line":17,"column":0},"end":{"line":17,"column":21}},"9":{"start":{"line":18,"column":0},"end":{"line":18,"column":25}},"10":{"start":{"line":19,"column":0},"end":{"line":19,"column":17}},"11":{"start":{"line":20,"column":0},"end":{"line":20,"column":21}},"12":{"start":{"line":21,"column":0},"end":{"line":21,"column":21}},"13":{"start":{"line":22,"column":0},"end":{"line":22,"column":25}},"14":{"start":{"line":23,"column":0},"end":{"line":23,"column":16}},"15":{"start":{"line":24,"column":0},"end":{"line":24,"column":20}},"16":{"start":{"line":25,"column":0},"end":{"line":25,"column":21}},"17":{"start":{"line":26,"column":0},"end":{"line":26,"column":25}},"18":{"start":{"line":27,"column":0},"end":{"line":27,"column":12}},"19":{"start":{"line":28,"column":0},"end":{"line":28,"column":51}},"20":{"start":{"line":29,"column":0},"end":{"line":29,"column":3}},"21":{"start":{"line":30,"column":0},"end":{"line":30,"column":1}}},"s":{"0":2,"1":189,"2":189,"3":106,"4":189,"5":6,"6":189,"7":8,"8":189,"9":6,"10":189,"11":43,"12":189,"13":4,"14":189,"15":6,"16":189,"17":8,"18":189,"19":2,"20":189,"21":189},"branchMap":{"0":{"type":"branch","line":9,"loc":{"start":{"line":9,"column":7},"end":{"line":30,"column":1}},"locations":[{"start":{"line":9,"column":7},"end":{"line":30,"column":1}}]},"1":{"type":"branch","line":11,"loc":{"start":{"line":11,"column":4},"end":{"line":12,"column":21}},"locations":[{"start":{"line":11,"column":4},"end":{"line":12,"column":21}}]},"2":{"type":"branch","line":13,"loc":{"start":{"line":13,"column":4},"end":{"line":14,"column":25}},"locations":[{"start":{"line":13,"column":4},"end":{"line":14,"column":25}}]},"3":{"type":"branch","line":15,"loc":{"start":{"line":15,"column":4},"end":{"line":16,"column":20}},"locations":[{"start":{"line":15,"column":4},"end":{"line":16,"column":20}}]},"4":{"type":"branch","line":17,"loc":{"start":{"line":17,"column":4},"end":{"line":18,"column":25}},"locations":[{"start":{"line":17,"column":4},"end":{"line":18,"column":25}}]},"5":{"type":"branch","line":19,"loc":{"start":{"line":19,"column":4},"end":{"line":20,"column":21}},"locations":[{"start":{"line":19,"column":4},"end":{"line":20,"column":21}}]},"6":{"type":"branch","line":21,"loc":{"start":{"line":21,"column":4},"end":{"line":22,"column":25}},"locations":[{"start":{"line":21,"column":4},"end":{"line":22,"column":25}}]},"7":{"type":"branch","line":23,"loc":{"start":{"line":23,"column":4},"end":{"line":24,"column":20}},"locations":[{"start":{"line":23,"column":4},"end":{"line":24,"column":20}}]},"8":{"type":"branch","line":25,"loc":{"start":{"line":25,"column":4},"end":{"line":26,"column":25}},"locations":[{"start":{"line":25,"column":4},"end":{"line":26,"column":25}}]},"9":{"type":"branch","line":27,"loc":{"start":{"line":27,"column":4},"end":{"line":28,"column":51}},"locations":[{"start":{"line":27,"column":4},"end":{"line":28,"column":51}}]}},"b":{"0":[189],"1":[106],"2":[6],"3":[8],"4":[6],"5":[43],"6":[4],"7":[6],"8":[8],"9":[2]},"fnMap":{"0":{"name":"getOppositeFacing","decl":{"start":{"line":9,"column":7},"end":{"line":30,"column":1}},"loc":{"start":{"line":9,"column":7},"end":{"line":30,"column":1}},"line":9}},"f":{"0":189}}
,"/Users/Josiah/Documents/GitHub/prevail-rules/src/functions/facings/getOrthogonalFacings.ts": {"path":"/Users/Josiah/Documents/GitHub/prevail-rules/src/functions/facings/getOrthogonalFacings.ts","all":false,"statementMap":{"8":{"start":{"line":9,"column":0},"end":{"line":9,"column":78}},"9":{"start":{"line":10,"column":0},"end":{"line":10,"column":75}},"10":{"start":{"line":11,"column":0},"end":{"line":11,"column":21}},"11":{"start":{"line":12,"column":0},"end":{"line":12,"column":19}},"12":{"start":{"line":13,"column":0},"end":{"line":13,"column":41}},"13":{"start":{"line":14,"column":0},"end":{"line":14,"column":23}},"14":{"start":{"line":15,"column":0},"end":{"line":15,"column":51}},"15":{"start":{"line":16,"column":0},"end":{"line":16,"column":18}},"16":{"start":{"line":17,"column":0},"end":{"line":17,"column":43}},"17":{"start":{"line":18,"column":0},"end":{"line":18,"column":23}},"18":{"start":{"line":19,"column":0},"end":{"line":19,"column":51}},"19":{"start":{"line":20,"column":0},"end":{"line":20,"column":19}},"20":{"start":{"line":21,"column":0},"end":{"line":21,"column":41}},"21":{"start":{"line":22,"column":0},"end":{"line":22,"column":23}},"22":{"start":{"line":23,"column":0},"end":{"line":23,"column":51}},"23":{"start":{"line":24,"column":0},"end":{"line":24,"column":18}},"24":{"start":{"line":25,"column":0},"end":{"line":25,"column":43}},"25":{"start":{"line":26,"column":0},"end":{"line":26,"column":23}},"26":{"start":{"line":27,"column":0},"end":{"line":27,"column":51}},"27":{"start":{"line":28,"column":0},"end":{"line":28,"column":14}},"28":{"start":{"line":29,"column":0},"end":{"line":29,"column":53}},"29":{"start":{"line":30,"column":0},"end":{"line":30,"column":5}},"30":{"start":{"line":31,"column":0},"end":{"line":31,"column":4}},"31":{"start":{"line":32,"column":0},"end":{"line":32,"column":59}},"33":{"start":{"line":34,"column":0},"end":{"line":34,"column":37}},"34":{"start":{"line":35,"column":0},"end":{"line":35,"column":49}},"35":{"start":{"line":36,"column":0},"end":{"line":36,"column":3}},"36":{"start":{"line":37,"column":0},"end":{"line":37,"column":27}},"37":{"start":{"line":38,"column":0},"end":{"line":38,"column":2}}},"s":{"8":1,"9":280,"10":280,"11":280,"12":134,"13":280,"14":10,"15":280,"16":29,"17":280,"18":6,"19":280,"20":40,"21":280,"22":10,"23":280,"24":27,"25":280,"26":22,"27":280,"28":2,"29":280,"30":280,"31":280,"33":280,"34":0,"35":0,"36":278,"37":278},"branchMap":{"0":{"type":"branch","line":9,"loc":{"start":{"line":9,"column":36},"end":{"line":38,"column":2}},"locations":[{"start":{"line":9,"column":36},"end":{"line":38,"column":2}}]},"1":{"type":"branch","line":34,"loc":{"start":{"line":34,"column":36},"end":{"line":36,"column":3}},"locations":[{"start":{"line":34,"column":36},"end":{"line":36,"column":3}}]},"2":{"type":"branch","line":36,"loc":{"start":{"line":36,"column":2},"end":{"line":38,"column":2}},"locations":[{"start":{"line":36,"column":2},"end":{"line":38,"column":2}}]},"3":{"type":"branch","line":10,"loc":{"start":{"line":10,"column":33},"end":{"line":31,"column":4}},"locations":[{"start":{"line":10,"column":33},"end":{"line":31,"column":4}}]},"4":{"type":"branch","line":12,"loc":{"start":{"line":12,"column":6},"end":{"line":13,"column":41}},"locations":[{"start":{"line":12,"column":6},"end":{"line":13,"column":41}}]},"5":{"type":"branch","line":14,"loc":{"start":{"line":14,"column":6},"end":{"line":15,"column":51}},"locations":[{"start":{"line":14,"column":6},"end":{"line":15,"column":51}}]},"6":{"type":"branch","line":16,"loc":{"start":{"line":16,"column":6},"end":{"line":17,"column":43}},"locations":[{"start":{"line":16,"column":6},"end":{"line":17,"column":43}}]},"7":{"type":"branch","line":18,"loc":{"start":{"line":18,"column":6},"end":{"line":19,"column":51}},"locations":[{"start":{"line":18,"column":6},"end":{"line":19,"column":51}}]},"8":{"type":"branch","line":20,"loc":{"start":{"line":20,"column":6},"end":{"line":21,"column":41}},"locations":[{"start":{"line":20,"column":6},"end":{"line":21,"column":41}}]},"9":{"type":"branch","line":22,"loc":{"start":{"line":22,"column":6},"end":{"line":23,"column":51}},"locations":[{"start":{"line":22,"column":6},"end":{"line":23,"column":51}}]},"10":{"type":"branch","line":24,"loc":{"start":{"line":24,"column":6},"end":{"line":25,"column":43}},"locations":[{"start":{"line":24,"column":6},"end":{"line":25,"column":43}}]},"11":{"type":"branch","line":26,"loc":{"start":{"line":26,"column":6},"end":{"line":27,"column":51}},"locations":[{"start":{"line":26,"column":6},"end":{"line":27,"column":51}}]},"12":{"type":"branch","line":28,"loc":{"start":{"line":28,"column":6},"end":{"line":29,"column":53}},"locations":[{"start":{"line":28,"column":6},"end":{"line":29,"column":53}}]}},"b":{"0":[280],"1":[0],"2":[278],"3":[280],"4":[134],"5":[10],"6":[29],"7":[6],"8":[40],"9":[10],"10":[27],"11":[22],"12":[2]},"fnMap":{"0":{"name":"getOrthogonalFacings","decl":{"start":{"line":9,"column":36},"end":{"line":38,"column":2}},"loc":{"start":{"line":9,"column":36},"end":{"line":38,"column":2}},"line":9},"1":{"name":"parseOrthogonalFacings","decl":{"start":{"line":10,"column":33},"end":{"line":31,"column":4}},"loc":{"start":{"line":10,"column":33},"end":{"line":31,"column":4}},"line":10}},"f":{"0":280,"1":280}}
,"/Users/Josiah/Documents/GitHub/prevail-rules/src/utils/assertExact.ts": {"path":"/Users/Josiah/Documents/GitHub/prevail-rules/src/utils/assertExact.ts","all":true,"statementMap":{},"s":{},"branchMap":{"0":{"type":"branch","line":1,"loc":{"start":{"line":1,"column":424},"end":{"line":14,"column":10}},"locations":[{"start":{"line":1,"column":424},"end":{"line":14,"column":10}}]}},"b":{"0":[1]},"fnMap":{"0":{"name":"(empty-report)","decl":{"start":{"line":1,"column":424},"end":{"line":14,"column":10}},"loc":{"start":{"line":1,"column":424},"end":{"line":14,"column":10}},"line":1}},"f":{"0":1}}
,"/Users/Josiah/Documents/GitHub/prevail-rules/src/utils/createUnitInstance.ts": {"path":"/Users/Josiah/Documents/GitHub/prevail-rules/src/utils/createUnitInstance.ts","all":false,"statementMap":{"8":{"start":{"line":9,"column":0},"end":{"line":9,"column":35}},"9":{"start":{"line":10,"column":0},"end":{"line":10,"column":25}},"10":{"start":{"line":11,"column":0},"end":{"line":11,"column":21}},"11":{"start":{"line":12,"column":0},"end":{"line":12,"column":24}},"12":{"start":{"line":13,"column":0},"end":{"line":13,"column":17}},"13":{"start":{"line":14,"column":0},"end":{"line":14,"column":50}},"14":{"start":{"line":15,"column":0},"end":{"line":15,"column":1}}},"s":{"8":1,"9":32,"10":32,"11":32,"12":32,"13":32,"14":32},"branchMap":{"0":{"type":"branch","line":9,"loc":{"start":{"line":9,"column":7},"end":{"line":15,"column":1}},"locations":[{"start":{"line":9,"column":7},"end":{"line":15,"column":1}}]}},"b":{"0":[32]},"fnMap":{"0":{"name":"createUnitInstance","decl":{"start":{"line":9,"column":7},"end":{"line":15,"column":1}},"loc":{"start":{"line":9,"column":7},"end":{"line":15,"column":1}},"line":9}},"f":{"0":32}}
[...]
4,"column":5}},"24":{"start":{"line":45,"column":0},"end":{"line":45,"column":11}},"25":{"start":{"line":47,"column":0},"end":{"line":47,"column":17}},"26":{"start":{"line":48,"column":0},"end":{"line":48,"column":3}},"27":{"start":{"line":51,"column":0},"end":{"line":51,"column":59}},"28":{"start":{"line":54,"column":0},"end":{"line":54,"column":7}},"29":{"start":{"line":55,"column":0},"end":{"line":55,"column":45}},"30":{"start":{"line":56,"column":0},"end":{"line":56,"column":11}},"31":{"start":{"line":58,"column":0},"end":{"line":58,"column":17}},"32":{"start":{"line":59,"column":0},"end":{"line":59,"column":3}},"33":{"start":{"line":62,"column":0},"end":{"line":62,"column":42}},"34":{"start":{"line":63,"column":0},"end":{"line":63,"column":10}},"35":{"start":{"line":64,"column":0},"end":{"line":64,"column":26}},"36":{"start":{"line":65,"column":0},"end":{"line":65,"column":15}},"37":{"start":{"line":66,"column":0},"end":{"line":66,"column":4}},"38":{"start":{"line":67,"column":0},"end":{"line":67,"column":45}},"39":{"start":{"line":68,"column":0},"end":{"line":68,"column":10}},"40":{"start":{"line":69,"column":0},"end":{"line":69,"column":26}},"41":{"start":{"line":70,"column":0},"end":{"line":70,"column":15}},"42":{"start":{"line":71,"column":0},"end":{"line":71,"column":4}},"43":{"start":{"line":72,"column":0},"end":{"line":72,"column":40}},"44":{"start":{"line":73,"column":0},"end":{"line":73,"column":10}},"45":{"start":{"line":74,"column":0},"end":{"line":74,"column":26}},"46":{"start":{"line":75,"column":0},"end":{"line":75,"column":15}},"47":{"start":{"line":76,"column":0},"end":{"line":76,"column":4}},"48":{"start":{"line":80,"column":0},"end":{"line":80,"column":49}},"49":{"start":{"line":81,"column":0},"end":{"line":81,"column":16}},"50":{"start":{"line":82,"column":0},"end":{"line":82,"column":3}},"51":{"start":{"line":85,"column":0},"end":{"line":85,"column":48}},"52":{"start":{"line":86,"column":0},"end":{"line":86,"column":46}},"53":{"start":{"line":87,"column":0},"end":{"line":87,"column":12}},"54":{"start":{"line":88,"column":0},"end":{"line":88,"column":28}},"55":{"start":{"line":89,"column":0},"end":{"line":89,"column":17}},"56":{"start":{"line":90,"column":0},"end":{"line":90,"column":6}},"57":{"start":{"line":91,"column":0},"end":{"line":91,"column":53}},"58":{"start":{"line":93,"column":0},"end":{"line":93,"column":18}},"59":{"start":{"line":94,"column":0},"end":{"line":94,"column":5}},"60":{"start":{"line":96,"column":0},"end":{"line":96,"column":17}},"61":{"start":{"line":97,"column":0},"end":{"line":97,"column":3}},"62":{"start":{"line":100,"column":0},"end":{"line":100,"column":49}},"63":{"start":{"line":101,"column":0},"end":{"line":101,"column":58}},"64":{"start":{"line":103,"column":0},"end":{"line":103,"column":44}},"65":{"start":{"line":104,"column":0},"end":{"line":104,"column":18}},"66":{"start":{"line":105,"column":0},"end":{"line":105,"column":5}},"67":{"start":{"line":107,"column":0},"end":{"line":107,"column":35}},"68":{"start":{"line":109,"column":0},"end":{"line":109,"column":18}},"69":{"start":{"line":110,"column":0},"end":{"line":110,"column":5}},"70":{"start":{"line":113,"column":0},"end":{"line":113,"column":17}},"71":{"start":{"line":114,"column":0},"end":{"line":114,"column":3}},"72":{"start":{"line":117,"column":0},"end":{"line":117,"column":15}},"73":{"start":{"line":118,"column":0},"end":{"line":118,"column":1}}},"s":{"0":2,"1":2,"2":2,"3":2,"4":2,"5":2,"6":2,"7":80,"8":80,"9":80,"10":80,"11":80,"12":80,"13":80,"14":80,"15":80,"16":80,"17":80,"18":80,"19":80,"20":78,"21":80,"22":2,"23":2,"24":80,"25":1,"26":1,"27":77,"28":77,"29":77,"30":80,"31":1,"32":1,"33":76,"34":76,"35":76,"36":76,"37":76,"38":76,"39":76,"40":76,"41":76,"42":76,"43":76,"44":76,"45":76,"46":76,"47":76,"48":80,"49":19,"50":19,"51":80,"52":3,"53":3,"54":3,"55":3,"56":3,"57":3,"58":2,"59":2,"60":1,"61":1,"62":64,"63":53,"64":53,"65":10,"66":10,"67":53,"68":4,"69":4,"70":39,"71":39,"72":1,"73":1},"branchMap":{"0":{"type":"branch","line":24,"loc":{"start":{"line":24,"column":7},"end":{"line":118,"column":1}},"locations":[{"start":{"line":24,"column":7},"end":{"line":118,"column":1}}]},"1":{"type":"branch","line":38,"loc":{"start":{"line":38,"column":53},"end":{"line":39,"column":71}},"locations":[{"start":{"line":38,"column":53},"end":{"line":39,"column":71}}]},"2":{"type":"branch","line":40,"loc":{"start":{"line":40,"column":6},"end":{"line":44,"column":5}},"locations":[{"start":{"line":40,"column":6},"end":{"line":44,"column":5}}]},"3":{"type":"branch","line":45,"loc":{"start":{"line":45,"column":2},"end":{"line":48,"column":3}},"locations":[{"start":{"line":45,"column":2},"end":{"line":48,"column":3}}]},"4":{"type":"branch","line":48,"loc":{"start":{"line":48,"column":2},"end":{"line":56,"column":10}},"locations":[{"start":{"line":48,"column":2},"end":{"line":56,"column":10}}]},"5":{"type":"branch","line":56,"loc":{"start":{"line":56,"column":2},"end":{"line":59,"column":3}},"locations":[{"start":{"line":56,"column":2},"end":{"line":59,"column":3}}]},"6":{"type":"branch","line":59,"loc":{"start":{"line":59,"column":2},"end":{"line":80,"column":48}},"locations":[{"start":{"line":59,"column":2},"end":{"line":80,"column":48}}]},"7":{"type":"branch","line":80,"loc":{"start":{"line":80,"column":48},"end":{"line":82,"column":3}},"locations":[{"start":{"line":80,"column":48},"end":{"line":82,"column":3}}]},"8":{"type":"branch","line":82,"loc":{"start":{"line":82,"column":2},"end":{"line":85,"column":47}},"locations":[{"start":{"line":82,"column":2},"end":{"line":85,"column":47}}]},"9":{"type":"branch","line":85,"loc":{"start":{"line":85,"column":47},"end":{"line":97,"column":3}},"locations":[{"start":{"line":85,"column":47},"end":{"line":97,"column":3}}]},"10":{"type":"branch","line":91,"loc":{"start":{"line":91,"column":52},"end":{"line":94,"column":5}},"locations":[{"start":{"line":91,"column":52},"end":{"line":94,"column":5}}]},"11":{"type":"branch","line":94,"loc":{"start":{"line":94,"column":4},"end":{"line":97,"column":3}},"locations":[{"start":{"line":94,"column":4},"end":{"line":97,"column":3}}]},"12":{"type":"branch","line":97,"loc":{"start":{"line":97,"column":2},"end":{"line":100,"column":48}},"locations":[{"start":{"line":97,"column":2},"end":{"line":100,"column":48}}]},"13":{"type":"branch","line":100,"loc":{"start":{"line":100,"column":48},"end":{"line":114,"column":3}},"locations":[{"start":{"line":100,"column":48},"end":{"line":114,"column":3}}]},"14":{"type":"branch","line":103,"loc":{"start":{"line":103,"column":43},"end":{"line":105,"column":5}},"locations":[{"start":{"line":103,"column":43},"end":{"line":105,"column":5}}]},"15":{"type":"branch","line":105,"loc":{"start":{"line":105,"column":4},"end":{"line":107,"column":34}},"locations":[{"start":{"line":105,"column":4},"end":{"line":107,"column":34}}]},"16":{"type":"branch","line":107,"loc":{"start":{"line":107,"column":34},"end":{"line":110,"column":5}},"locations":[{"start":{"line":107,"column":34},"end":{"line":110,"column":5}}]},"17":{"type":"branch","line":110,"loc":{"start":{"line":110,"column":4},"end":{"line":114,"column":3}},"locations":[{"start":{"line":110,"column":4},"end":{"line":114,"column":3}}]},"18":{"type":"branch","line":114,"loc":{"start":{"line":114,"column":2},"end":{"line":118,"column":1}},"locations":[{"start":{"line":114,"column":2},"end":{"line":118,"column":1}}]},"19":{"type":"branch","line":97,"loc":{"start":{"line":97,"column":2},"end":{"line":114,"column":3}},"locations":[{"start":{"line":97,"column":2},"end":{"line":114,"column":3}}]}},"b":{"0":[80],"1":[78],"2":[2],"3":[1],"4":[77],"5":[1],"6":[76],"7":[19],"8":[57],"9":[3],"10":[2],"11":[1],"12":[54],"13":[53],"14":[10],"15":[43],"16":[4],"17":[39],"18":[1],"19":[64]},"fnMap":{"0":{"name":"canEngageEnemy","decl":{"start":{"line":24,"column":7},"end":{"line":118,"column":1}},"loc":{"start":{"line":24,"column":7},"end":{"line":118,"column":1}},"line":24}},"f":{"0":80}}
,"/Users/Josiah/Documents/GitHub/prevail-rules/src/validation/canMoveInto.ts": {"path":"/Users/Josiah/Documents/GitHub/prevail-rules/src/validation/canMoveInto.ts","all":false,"statementMap":{"0":{"start":{"line":3,"column":0},"end":{"line":3,"column":74}},"1":{"start":{"line":5,"column":0},"end":{"line":5,"column":50}},"2":{"start":{"line":6,"column":0},"end":{"line":6,"column":21}},"3":{"start":{"line":7,"column":0},"end":{"line":7,"column":16}},"4":{"start":{"line":8,"column":0},"end":{"line":8,"column":37}},"5":{"start":{"line":9,"column":0},"end":{"line":9,"column":3}},"6":{"start":{"line":10,"column":0},"end":{"line":10,"column":7}},"7":{"start":{"line":12,"column":0},"end":{"line":12,"column":51}},"8":{"start":{"line":14,"column":0},"end":{"line":14,"column":49}},"9":{"start":{"line":15,"column":0},"end":{"line":15,"column":52}},"10":{"start":{"line":16,"column":0},"end":{"line":16,"column":18}},"11":{"start":{"line":17,"column":0},"end":{"line":17,"column":5}},"12":{"start":{"line":19,"column":0},"end":{"line":19,"column":55}},"13":{"start":{"line":20,"column":0},"end":{"line":20,"column":19}},"14":{"start":{"line":21,"column":0},"end":{"line":21,"column":5}},"15":{"start":{"line":23,"column":0},"end":{"line":23,"column":54}},"16":{"start":{"line":25,"column":0},"end":{"line":25,"column":40}},"17":{"start":{"line":26,"column":0},"end":{"line":26,"column":63}},"18":{"start":{"line":28,"column":0},"end":{"line":28,"column":41}},"19":{"start":{"line":29,"column":0},"end":{"line":29,"column":21}},"20":{"start":{"line":30,"column":0},"end":{"line":30,"column":7}},"21":{"start":{"line":32,"column":0},"end":{"line":32,"column":18}},"22":{"start":{"line":33,"column":0},"end":{"line":33,"column":5}},"23":{"start":{"line":34,"column":0},"end":{"line":34,"column":11}},"24":{"start":{"line":36,"column":0},"end":{"line":36,"column":17}},"25":{"start":{"line":37,"column":0},"end":{"line":37,"column":3}},"26":{"start":{"line":38,"column":0},"end":{"line":38,"column":1}}},"s":{"0":2,"1":2,"2":1402,"3":1402,"4":1402,"5":1402,"6":1402,"7":1402,"8":1402,"9":1402,"10":1244,"11":1244,"12":1402,"13":1,"14":1,"15":156,"16":156,"17":156,"18":156,"19":73,"20":73,"21":83,"22":83,"23":1402,"24":1,"25":1,"26":1402},"branchMap":{"0":{"type":"branch","line":5,"loc":{"start":{"line":5,"column":7},"end":{"line":38,"column":1}},"locations":[{"start":{"line":5,"column":7},"end":{"line":38,"column":1}}]},"1":{"type":"branch","line":15,"loc":{"start":{"line":15,"column":51},"end":{"line":17,"column":5}},"locations":[{"start":{"line":15,"column":51},"end":{"line":17,"column":5}}]},"2":{"type":"branch","line":17,"loc":{"start":{"line":17,"column":4},"end":{"line":19,"column":54}},"locations":[{"start":{"line":17,"column":4},"end":{"line":19,"column":54}}]},"3":{"type":"branch","line":19,"loc":{"start":{"line":19,"column":54},"end":{"line":21,"column":5}},"locations":[{"start":{"line":19,"column":54},"end":{"line":21,"column":5}}]},"4":{"type":"branch","line":21,"loc":{"start":{"line":21,"column":4},"end":{"line":33,"column":5}},"locations":[{"start":{"line":21,"column":4},"end":{"line":33,"column":5}}]},"5":{"type":"branch","line":28,"loc":{"start":{"line":28,"column":40},"end":{"line":33,"column":5}},"locations":[{"start":{"line":28,"column":40},"end":{"line":33,"column":5}}]},"6":{"type":"branch","line":34,"loc":{"start":{"line":34,"column":2},"end":{"line":37,"column":3}},"locations":[{"start":{"line":34,"column":2},"end":{"line":37,"column":3}}]},"7":{"type":"branch","line":28,"loc":{"start":{"line":28,"column":40},"end":{"line":30,"column":7}},"locations":[{"start":{"line":28,"column":40},"end":{"line":30,"column":7}}]},"8":{"type":"branch","line":30,"loc":{"start":{"line":30,"column":6},"end":{"line":33,"column":5}},"locations":[{"start":{"line":30,"column":6},"end":{"line":33,"column":5}}]}},"b":{"0":[1402],"1":[1244],"2":[157],"3":[1],"4":[156],"5":[154],"6":[1],"7":[73],"8":[83]},"fnMap":{"0":{"name":"canMoveInto","decl":{"start":{"line":5,"column":7},"end":{"line":38,"column":1}},"loc":{"start":{"line":5,"column":7},"end":{"line":38,"column":1}},"line":5}},"f":{"0":1402}}
,"/Users/Josiah/Documents/GitHub/prevail-rules/src/validation/canMoveThrough.ts": {"path":"/Users/Josiah/Documents/GitHub/prevail-rules/src/validation/canMoveThrough.ts","all":false,"statementMap":{"0":{"start":{"line":3,"column":0},"end":{"line":3,"column":74}},"1":{"start":{"line":4,"column":0},"end":{"line":4,"column":75}},"2":{"start":{"line":6,"column":0},"end":{"line":6,"column":53}},"3":{"start":{"line":7,"column":0},"end":{"line":7,"column":21}},"4":{"start":{"line":8,"column":0},"end":{"line":8,"column":16}},"5":{"start":{"line":9,"column":0},"end":{"line":9,"column":37}},"6":{"start":{"line":10,"column":0},"end":{"line":10,"column":3}},"7":{"start":{"line":11,"column":0},"end":{"line":11,"column":7}},"8":{"start":{"line":13,"column":0},"end":{"line":13,"column":51}},"9":{"start":{"line":15,"column":0},"end":{"line":15,"column":49}},"10":{"start":{"line":16,"column":0},"end":{"line":16,"column":52}},"11":{"start":{"line":17,"column":0},"end":{"line":17,"column":18}},"12":{"start":{"line":18,"column":0},"end":{"line":18,"column":5}},"13":{"start":{"line":20,"column":0},"end":{"line":20,"column":55}},"14":{"start":{"line":21,"column":0},"end":{"line":21,"column":19}},"15":{"start":{"line":22,"column":0},"end":{"line":22,"column":5}},"16":{"start":{"line":24,"column":0},"end":{"line":24,"column":54}},"17":{"start":{"line":25,"column":0},"end":{"line":25,"column":40}},"18":{"start":{"line":26,"column":0},"end":{"line":26,"column":63}},"19":{"start":{"line":28,"column":0},"end":{"line":28,"column":41}},"20":{"start":{"line":29,"column":0},"end":{"line":29,"column":21}},"21":{"start":{"line":30,"column":0},"end":{"line":30,"column":7}},"22":{"start":{"line":33,"column":0},"end":{"line":33,"column":56}},"23":{"start":{"line":34,"column":0},"end":{"line":34,"column":79}},"24":{"start":{"line":35,"column":0},"end":{"line":35,"column":73}},"25":{"start":{"line":36,"column":0},"end":{"line":36,"column":60}},"26":{"start":{"line":37,"column":0},"end":{"line":37,"column":21}},"27":{"start":{"line":38,"column":0},"end":{"line":38,"column":7}},"28":{"start":{"line":39,"column":0},"end":{"line":39,"column":5}},"29":{"start":{"line":40,"column":0},"end":{"line":40,"column":16}},"30":{"start":{"line":41,"column":0},"end":{"line":41,"column":11}},"31":{"start":{"line":43,"column":0},"end":{"line":43,"column":17}},"32":{"start":{"line":44,"column":0},"end":{"line":44,"column":3}},"33":{"start":{"line":45,"column":0},"end":{"line":45,"column":1}}},"s":{"0":2,"1":2,"2":2,"3":496,"4":496,"5":496,"6":496,"7":496,"8":496,"9":496,"10":496,"11":431,"12":431,"13":496,"14":1,"15":1,"16":63,"17":63,"18":63,"19":63,"20":19,"21":19,"22":44,"23":44,"24":44,"25":57,"26":14,"27":14,"28":63,"29":30,"30":277,"31":1,"32":1,"33":496},"branchMap":{"0":{"type":"branch","line":6,"loc":{"start":{"line":6,"column":7},"end":{"line":45,"column":1}},"locations":[{"start":{"line":6,"column":7},"end":{"line":45,"column":1}}]},"1":{"type":"branch","line":16,"loc":{"start":{"line":16,"column":51},"end":{"line":18,"column":5}},"locations":[{"start":{"line":16,"column":51},"end":{"line":18,"column":5}}]},"2":{"type":"branch","line":18,"loc":{"start":{"line":18,"column":4},"end":{"line":20,"column":54}},"locations":[{"start":{"line":18,"column":4},"end":{"line":20,"column":54}}]},"3":{"type":"branch","line":20,"loc":{"start":{"line":20,"column":54},"end":{"line":22,"column":5}},"locations":[{"start":{"line":20,"column":54},"end":{"line":22,"column":5}}]},"4":{"type":"branch","line":22,"loc":{"start":{"line":22,"column":4},"end":{"line":39,"column":5}},"locations":[{"start":{"line":22,"column":4},"end":{"line":39,"column":5}}]},"5":{"type":"branch","line":28,"loc":{"start":{"line":28,"column":40},"end":{"line":30,"column":7}},"locations":[{"start":{"line":28,"column":40},"end":{"line":30,"column":7}}]},"6":{"type":"branch","line":30,"loc":{"start":{"line":30,"column":6},"end":{"line":36,"column":59}},"locations":[{"start":{"line":30,"column":6},"end":{"line":36,"column":59}}]},"7":{"type":"branch","line":36,"loc":{"start":{"line":36,"column":59},"end":{"line":38,"column":7}},"locations":[{"start":{"line":36,"column":59},"end":{"line":38,"column":7}}]},"8":{"type":"branch","line":39,"loc":{"start":{"line":39,"column":4},"end":{"line":41,"column":10}},"locations":[{"start":{"line":39,"column":4},"end":{"line":41,"column":10}}]},"9":{"type":"branch","line":41,"loc":{"start":{"line":41,"column":2},"end":{"line":44,"column":3}},"locations":[{"start":{"line":41,"column":2},"end":{"line":44,"column":3}}]},"10":{"type":"branch","line":30,"loc":{"start":{"line":30,"column":6},"end":{"line":38,"column":7}},"locations":[{"start":{"line":30,"column":6},"end":{"line":38,"column":7}}]},"11":{"type":"branch","line":39,"loc":{"start":{"line":39,"column":4},"end":{"line":44,"column":3}},"locations":[{"start":{"line":39,"column":4},"end":{"line":44,"column":3}}]}},"b":{"0":[496],"1":[431],"2":[64],"3":[1],"4":[63],"5":[19],"6":[44],"7":[14],"8":[30],"9":[1],"10":[57],"11":[277]},"fnMap":{"0":{"name":"canMoveThrough","decl":{"start":{"line":6,"column":7},"end":{"line":45,"column":1}},"loc":{"start":{"line":6,"column":7},"end":{"line":45,"column":1}},"line":6}},"f":{"0":496}}
,"/Users/Josiah/Documents/GitHub/prevail-rules/src/validation/isDiagonalFacing.ts": {"path":"/Users/Josiah/Documents/GitHub/prevail-rules/src/validation/isDiagonalFacing.ts","all":false,"statementMap":{"1":{"start":{"line":2,"column":0},"end":{"line":2,"column":66}},"8":{"start":{"line":9,"column":0},"end":{"line":9,"column":63}},"9":{"start":{"line":10,"column":0},"end":{"line":10,"column":65}},"10":{"start":{"line":11,"column":0},"end":{"line":11,"column":1}}},"s":{"1":1,"8":1,"9":3,"10":3},"branchMap":{"0":{"type":"branch","line":9,"loc":{"start":{"line":9,"column":7},"end":{"line":11,"column":1}},"locations":[{"start":{"line":9,"column":7},"end":{"line":11,"column":1}}]}},"b":{"0":[3]},"fnMap":{"0":{"name":"isDiagonalFacing","decl":{"start":{"line":9,"column":7},"end":{"line":11,"column":1}},"loc":{"start":{"line":9,"column":7},"end":{"line":11,"column":1}},"line":9}},"f":{"0":3}}
,"/Users/Josiah/Documents/GitHub/prevail-rules/src/validation/isLegalMove.ts": {"path":"/Users/Josiah/Documents/GitHub/prevail-rules/src/validation/isLegalMove.ts","all":false,"statementMap":{"2":{"start":{"line":3,"column":0},"end":{"line":3,"column":63}},"4":{"start":{"line":5,"column":0},"end":{"line":5,"column":28}},"5":{"start":{"line":6,"column":0},"end":{"line":6,"column":31}},"6":{"start":{"line":7,"column":0},"end":{"line":7,"column":19}},"7":{"start":{"line":8,"column":0},"end":{"line":8,"column":12}},"8":{"start":{"line":9,"column":0},"end":{"line":9,"column":41}},"9":{"start":{"line":10,"column":0},"end":{"line":10,"column":59}},"11":{"start":{"line":12,"column":0},"end":{"line":12,"column":37}},"12":{"start":{"line":13,"column":0},"end":{"line":13,"column":76}},"13":{"start":{"line":14,"column":0},"end":{"line":14,"column":4}},"14":{"start":{"line":15,"column":0},"end":{"line":15,"column":1}}},"s":{"2":1,"4":1,"5":11,"6":11,"7":11,"8":11,"9":11,"11":11,"12":11,"13":11,"14":11},"branchMap":{"0":{"type":"branch","line":5,"loc":{"start":{"line":5,"column":7},"end":{"line":15,"column":1}},"locations":[{"start":{"line":5,"column":7},"end":{"line":15,"column":1}}]},"1":{"type":"branch","line":13,"loc":{"start":{"line":13,"column":4},"end":{"line":13,"column":76}},"locations":[{"start":{"line":13,"column":4},"end":{"line":13,"column":76}}]},"2":{"type":"branch","line":13,"loc":{"start":{"line":13,"column":37},"end":{"line":13,"column":76}},"locations":[{"start":{"line":13,"column":37},"end":{"line":13,"column":76}}]}},"b":{"0":[11],"1":[249],"2":[8]},"fnMap":{"0":{"name":"isLegalMove","decl":{"start":{"line":5,"column":7},"end":{"line":15,"column":1}},"loc":{"start":{"line":5,"column":7},"end":{"line":15,"column":1}},"line":5}},"f":{"0":11}}
}
